<?xml version="1.0" encoding="UTF-8"?>
<coverage generated="1742559420523" clover="3.2.0">
  <project timestamp="1742559420523" name="All files">
    <metrics statements="468" coveredstatements="413" conditionals="120" coveredconditionals="100" methods="129" coveredmethods="111" elements="717" coveredelements="624" complexity="0" loc="468" ncloc="468" packages="8" files="26" classes="26"/>
    <package name="components">
      <metrics statements="19" coveredstatements="19" conditionals="4" coveredconditionals="4" methods="7" coveredmethods="7"/>
      <file name="AdminMenu.js" path="/mnt/c/Users/lywic/Documents/GitHub/cs4218-2420-ecom-project-team40/client/src/components/AdminMenu.js">
        <metrics statements="2" coveredstatements="2" conditionals="0" coveredconditionals="0" methods="1" coveredmethods="1"/>
        <line num="3" count="7" type="stmt"/>
        <line num="4" count="72" type="stmt"/>
      </file>
      <file name="Footer.js" path="/mnt/c/Users/lywic/Documents/GitHub/cs4218-2420-ecom-project-team40/client/src/components/Footer.js">
        <metrics statements="2" coveredstatements="2" conditionals="0" coveredconditionals="0" methods="1" coveredmethods="1"/>
        <line num="4" count="11" type="stmt"/>
        <line num="5" count="178" type="stmt"/>
      </file>
      <file name="Header.js" path="/mnt/c/Users/lywic/Documents/GitHub/cs4218-2420-ecom-project-team40/client/src/components/Header.js">
        <metrics statements="10" coveredstatements="10" conditionals="4" coveredconditionals="4" methods="3" coveredmethods="3"/>
        <line num="10" count="11" type="stmt"/>
        <line num="11" count="183" type="stmt"/>
        <line num="12" count="183" type="stmt"/>
        <line num="13" count="183" type="stmt"/>
        <line num="14" count="183" type="stmt"/>
        <line num="15" count="1" type="stmt"/>
        <line num="20" count="1" type="stmt"/>
        <line num="21" count="1" type="stmt"/>
        <line num="23" count="183" type="stmt"/>
        <line num="64" count="10" type="stmt"/>
      </file>
      <file name="Layout.js" path="/mnt/c/Users/lywic/Documents/GitHub/cs4218-2420-ecom-project-team40/client/src/components/Layout.js">
        <metrics statements="3" coveredstatements="3" conditionals="0" coveredconditionals="0" methods="1" coveredmethods="1"/>
        <line num="7" count="10" type="stmt"/>
        <line num="8" count="177" type="stmt"/>
        <line num="27" count="10" type="stmt"/>
      </file>
      <file name="UserMenu.js" path="/mnt/c/Users/lywic/Documents/GitHub/cs4218-2420-ecom-project-team40/client/src/components/UserMenu.js">
        <metrics statements="2" coveredstatements="2" conditionals="0" coveredconditionals="0" methods="1" coveredmethods="1"/>
        <line num="3" count="4" type="stmt"/>
        <line num="4" count="44" type="stmt"/>
      </file>
    </package>
    <package name="components.Form">
      <metrics statements="12" coveredstatements="12" conditionals="0" coveredconditionals="0" methods="3" coveredmethods="3"/>
      <file name="SearchInput.js" path="/mnt/c/Users/lywic/Documents/GitHub/cs4218-2420-ecom-project-team40/client/src/components/Form/SearchInput.js">
        <metrics statements="12" coveredstatements="12" conditionals="0" coveredconditionals="0" methods="3" coveredmethods="3"/>
        <line num="5" count="12" type="stmt"/>
        <line num="6" count="188" type="stmt"/>
        <line num="7" count="188" type="stmt"/>
        <line num="9" count="188" type="stmt"/>
        <line num="10" count="2" type="stmt"/>
        <line num="11" count="2" type="stmt"/>
        <line num="12" count="2" type="stmt"/>
        <line num="15" count="1" type="stmt"/>
        <line num="16" count="1" type="stmt"/>
        <line num="18" count="1" type="stmt"/>
        <line num="21" count="188" type="stmt"/>
        <line num="30" count="1" type="stmt"/>
      </file>
    </package>
    <package name="components.Routes">
      <metrics statements="13" coveredstatements="13" conditionals="6" coveredconditionals="6" methods="3" coveredmethods="3"/>
      <file name="Private.js" path="/mnt/c/Users/lywic/Documents/GitHub/cs4218-2420-ecom-project-team40/client/src/components/Routes/Private.js">
        <metrics statements="13" coveredstatements="13" conditionals="6" coveredconditionals="6" methods="3" coveredmethods="3"/>
        <line num="9" count="6" type="stmt"/>
        <line num="10" count="6" type="stmt"/>
        <line num="12" count="6" type="stmt"/>
        <line num="13" count="5" type="stmt"/>
        <line num="14" count="4" type="stmt"/>
        <line num="15" count="4" type="stmt"/>
        <line num="16" count="4" type="cond" truecount="2" falsecount="0"/>
        <line num="17" count="1" type="stmt"/>
        <line num="19" count="1" type="stmt"/>
        <line num="22" count="2" type="stmt"/>
        <line num="23" count="2" type="stmt"/>
        <line num="26" count="5" type="cond" truecount="2" falsecount="0"/>
        <line num="29" count="6" type="cond" truecount="2" falsecount="0"/>
      </file>
    </package>
    <package name="context">
      <metrics statements="24" coveredstatements="24" conditionals="4" coveredconditionals="4" methods="8" coveredmethods="8"/>
      <file name="auth.js" path="/mnt/c/Users/lywic/Documents/GitHub/cs4218-2420-ecom-project-team40/client/src/context/auth.js">
        <metrics statements="11" coveredstatements="11" conditionals="2" coveredconditionals="2" methods="3" coveredmethods="3"/>
        <line num="4" count="1" type="stmt"/>
        <line num="6" count="1" type="stmt"/>
        <line num="7" count="3" type="stmt"/>
        <line num="13" count="3" type="stmt"/>
        <line num="15" count="3" type="stmt"/>
        <line num="16" count="2" type="stmt"/>
        <line num="17" count="2" type="cond" truecount="2" falsecount="0"/>
        <line num="18" count="1" type="stmt"/>
        <line num="19" count="1" type="stmt"/>
        <line num="27" count="3" type="stmt"/>
        <line num="35" count="3" type="stmt"/>
      </file>
      <file name="cart.js" path="/mnt/c/Users/lywic/Documents/GitHub/cs4218-2420-ecom-project-team40/client/src/context/cart.js">
        <metrics statements="8" coveredstatements="8" conditionals="2" coveredconditionals="2" methods="3" coveredmethods="3"/>
        <line num="3" count="3" type="stmt"/>
        <line num="4" count="3" type="stmt"/>
        <line num="5" count="6" type="stmt"/>
        <line num="7" count="6" type="stmt"/>
        <line num="8" count="3" type="stmt"/>
        <line num="9" count="3" type="cond" truecount="2" falsecount="0"/>
        <line num="12" count="6" type="stmt"/>
        <line num="20" count="23" type="stmt"/>
      </file>
      <file name="search.js" path="/mnt/c/Users/lywic/Documents/GitHub/cs4218-2420-ecom-project-team40/client/src/context/search.js">
        <metrics statements="5" coveredstatements="5" conditionals="0" coveredconditionals="0" methods="2" coveredmethods="2"/>
        <line num="3" count="3" type="stmt"/>
        <line num="4" count="3" type="stmt"/>
        <line num="5" count="5" type="stmt"/>
        <line num="10" count="5" type="stmt"/>
        <line num="18" count="5" type="stmt"/>
      </file>
    </package>
    <package name="pages">
      <metrics statements="160" coveredstatements="121" conditionals="48" coveredconditionals="41" methods="47" coveredmethods="35"/>
      <file name="CartPage.js" path="/mnt/c/Users/lywic/Documents/GitHub/cs4218-2420-ecom-project-team40/client/src/pages/CartPage.js">
        <metrics statements="48" coveredstatements="48" conditionals="27" coveredconditionals="27" methods="14" coveredmethods="14"/>
        <line num="12" count="1" type="stmt"/>
        <line num="13" count="26" type="stmt"/>
        <line num="14" count="26" type="stmt"/>
        <line num="15" count="26" type="stmt"/>
        <line num="16" count="25" type="stmt"/>
        <line num="17" count="25" type="stmt"/>
        <line num="18" count="25" type="stmt"/>
        <line num="21" count="25" type="stmt"/>
        <line num="22" count="25" type="stmt"/>
        <line num="23" count="25" type="stmt"/>
        <line num="24" count="38" type="stmt"/>
        <line num="26" count="25" type="stmt"/>
        <line num="32" count="25" type="stmt"/>
        <line num="33" count="2" type="stmt"/>
        <line num="34" count="2" type="stmt"/>
        <line num="35" count="2" type="stmt"/>
        <line num="36" count="2" type="stmt"/>
        <line num="37" count="2" type="stmt"/>
        <line num="38" count="1" type="stmt"/>
        <line num="40" count="1" type="stmt"/>
        <line num="45" count="25" type="stmt"/>
        <line num="46" count="15" type="stmt"/>
        <line num="47" count="15" type="stmt"/>
        <line num="48" count="14" type="cond" truecount="5" falsecount="0"/>
        <line num="49" count="5" type="stmt"/>
        <line num="51" count="9" type="stmt"/>
        <line num="54" count="1" type="stmt"/>
        <line num="57" count="25" type="stmt"/>
        <line num="58" count="15" type="stmt"/>
        <line num="62" count="25" type="stmt"/>
        <line num="63" count="2" type="stmt"/>
        <line num="64" count="2" type="stmt"/>
        <line num="65" count="2" type="stmt"/>
        <line num="66" count="2" type="stmt"/>
        <line num="70" count="1" type="stmt"/>
        <line num="71" count="1" type="stmt"/>
        <line num="72" count="1" type="stmt"/>
        <line num="73" count="1" type="stmt"/>
        <line num="74" count="1" type="stmt"/>
        <line num="76" count="1" type="stmt"/>
        <line num="77" count="1" type="stmt"/>
        <line num="80" count="25" type="stmt"/>
        <line num="103" count="38" type="stmt"/>
        <line num="121" count="2" type="stmt"/>
        <line num="141" count="1" type="stmt"/>
        <line num="152" count="1" type="stmt"/>
        <line num="160" count="1" type="stmt"/>
        <line num="183" count="2" type="stmt"/>
      </file>
      <file name="Contact.js" path="/mnt/c/Users/lywic/Documents/GitHub/cs4218-2420-ecom-project-team40/client/src/pages/Contact.js">
        <metrics statements="2" coveredstatements="2" conditionals="0" coveredconditionals="0" methods="1" coveredmethods="1"/>
        <line num="4" count="1" type="stmt"/>
        <line num="5" count="1" type="stmt"/>
      </file>
      <file name="HomePage.js" path="/mnt/c/Users/lywic/Documents/GitHub/cs4218-2420-ecom-project-team40/client/src/pages/HomePage.js">
        <metrics statements="73" coveredstatements="63" conditionals="15" coveredconditionals="14" methods="20" coveredmethods="17"/>
        <line num="12" count="1" type="stmt"/>
        <line num="13" count="38" type="stmt"/>
        <line num="14" count="38" type="stmt"/>
        <line num="15" count="38" type="stmt"/>
        <line num="16" count="38" type="stmt"/>
        <line num="17" count="38" type="stmt"/>
        <line num="18" count="38" type="stmt"/>
        <line num="19" count="38" type="stmt"/>
        <line num="20" count="38" type="stmt"/>
        <line num="21" count="38" type="stmt"/>
        <line num="24" count="38" type="stmt"/>
        <line num="25" count="10" type="stmt"/>
        <line num="26" count="10" type="stmt"/>
        <line num="27" count="10" type="cond" truecount="2" falsecount="0"/>
        <line num="28" count="8" type="stmt"/>
        <line num="31" count="0" type="stmt"/>
        <line num="35" count="38" type="stmt"/>
        <line num="36" count="10" type="stmt"/>
        <line num="37" count="10" type="stmt"/>
        <line num="40" count="38" type="stmt"/>
        <line num="41" count="10" type="stmt"/>
        <line num="42" count="10" type="stmt"/>
        <line num="43" count="10" type="stmt"/>
        <line num="44" count="10" type="stmt"/>
        <line num="45" count="10" type="stmt"/>
        <line num="47" count="0" type="stmt"/>
        <line num="48" count="0" type="stmt"/>
        <line num="53" count="38" type="stmt"/>
        <line num="54" count="10" type="stmt"/>
        <line num="55" count="10" type="stmt"/>
        <line num="56" count="10" type="stmt"/>
        <line num="58" count="0" type="stmt"/>
        <line num="62" count="38" type="stmt"/>
        <line num="63" count="11" type="cond" truecount="2" falsecount="0"/>
        <line num="64" count="1" type="stmt"/>
        <line num="67" count="38" type="stmt"/>
        <line num="68" count="1" type="stmt"/>
        <line num="69" count="1" type="stmt"/>
        <line num="70" count="1" type="stmt"/>
        <line num="71" count="1" type="stmt"/>
        <line num="72" count="1" type="stmt"/>
        <line num="74" count="0" type="stmt"/>
        <line num="75" count="0" type="stmt"/>
        <line num="80" count="38" type="stmt"/>
        <line num="81" count="2" type="stmt"/>
        <line num="82" count="2" type="cond" truecount="1" falsecount="1"/>
        <line num="83" count="2" type="stmt"/>
        <line num="85" count="0" type="stmt"/>
        <line num="87" count="2" type="stmt"/>
        <line num="91" count="38" type="stmt"/>
        <line num="92" count="14" type="cond" truecount="4" falsecount="0"/>
        <line num="93" count="4" type="stmt"/>
        <line num="95" count="10" type="stmt"/>
        <line num="100" count="38" type="stmt"/>
        <line num="101" count="4" type="stmt"/>
        <line num="102" count="4" type="stmt"/>
        <line num="106" count="4" type="stmt"/>
        <line num="107" count="4" type="stmt"/>
        <line num="108" count="4" type="stmt"/>
        <line num="110" count="0" type="stmt"/>
        <line num="113" count="38" type="stmt"/>
        <line num="128" count="16" type="stmt"/>
        <line num="130" count="2" type="stmt"/>
        <line num="139" count="2" type="stmt"/>
        <line num="141" count="228" type="stmt"/>
        <line num="150" count="0" type="stmt"/>
        <line num="160" count="31" type="stmt"/>
        <line num="182" count="0" type="stmt"/>
        <line num="189" count="1" type="stmt"/>
        <line num="196" count="1" type="stmt"/>
        <line num="206" count="1" type="stmt"/>
        <line num="221" count="1" type="stmt"/>
        <line num="222" count="1" type="stmt"/>
      </file>
      <file name="Policy.js" path="/mnt/c/Users/lywic/Documents/GitHub/cs4218-2420-ecom-project-team40/client/src/pages/Policy.js">
        <metrics statements="2" coveredstatements="2" conditionals="0" coveredconditionals="0" methods="1" coveredmethods="1"/>
        <line num="4" count="1" type="stmt"/>
        <line num="5" count="1" type="stmt"/>
      </file>
      <file name="ProductDetails.js" path="/mnt/c/Users/lywic/Documents/GitHub/cs4218-2420-ecom-project-team40/client/src/pages/ProductDetails.js">
        <metrics statements="25" coveredstatements="4" conditionals="4" coveredconditionals="0" methods="7" coveredmethods="1"/>
        <line num="9" count="1" type="stmt"/>
        <line num="10" count="17" type="stmt"/>
        <line num="11" count="17" type="stmt"/>
        <line num="12" count="17" type="stmt"/>
        <line num="13" count="0" type="stmt"/>
        <line num="14" count="0" type="stmt"/>
        <line num="17" count="0" type="stmt"/>
        <line num="18" count="0" type="cond" truecount="0" falsecount="2"/>
        <line num="21" count="0" type="stmt"/>
        <line num="22" count="0" type="stmt"/>
        <line num="23" count="0" type="stmt"/>
        <line num="26" count="0" type="stmt"/>
        <line num="27" count="0" type="stmt"/>
        <line num="29" count="0" type="stmt"/>
        <line num="33" count="0" type="stmt"/>
        <line num="34" count="0" type="stmt"/>
        <line num="35" count="0" type="stmt"/>
        <line num="38" count="0" type="stmt"/>
        <line num="40" count="0" type="stmt"/>
        <line num="43" count="0" type="stmt"/>
        <line num="71" count="0" type="stmt"/>
        <line num="72" count="0" type="stmt"/>
        <line num="76" count="0" type="stmt"/>
        <line num="89" count="0" type="stmt"/>
        <line num="111" count="0" type="stmt"/>
      </file>
      <file name="Search.js" path="/mnt/c/Users/lywic/Documents/GitHub/cs4218-2420-ecom-project-team40/client/src/pages/Search.js">
        <metrics statements="10" coveredstatements="2" conditionals="2" coveredconditionals="0" methods="4" coveredmethods="1"/>
        <line num="8" count="1" type="stmt"/>
        <line num="9" count="13" type="stmt"/>
        <line num="10" count="0" type="stmt"/>
        <line num="11" count="0" type="stmt"/>
        <line num="13" count="0" type="stmt"/>
        <line num="25" count="0" type="stmt"/>
        <line num="39" count="0" type="stmt"/>
        <line num="46" count="0" type="stmt"/>
        <line num="47" count="0" type="stmt"/>
        <line num="51" count="0" type="stmt"/>
      </file>
    </package>
    <package name="pages.Auth">
      <metrics statements="68" coveredstatements="68" conditionals="18" coveredconditionals="18" methods="19" coveredmethods="19"/>
      <file name="ForgotPassword.js" path="/mnt/c/Users/lywic/Documents/GitHub/cs4218-2420-ecom-project-team40/client/src/pages/Auth/ForgotPassword.js">
        <metrics statements="19" coveredstatements="19" conditionals="6" coveredconditionals="6" methods="5" coveredmethods="5"/>
        <line num="8" count="1" type="stmt"/>
        <line num="9" count="23" type="stmt"/>
        <line num="10" count="23" type="stmt"/>
        <line num="11" count="23" type="stmt"/>
        <line num="13" count="23" type="stmt"/>
        <line num="16" count="23" type="stmt"/>
        <line num="17" count="3" type="stmt"/>
        <line num="18" count="3" type="stmt"/>
        <line num="19" count="3" type="stmt"/>
        <line num="25" count="2" type="cond" truecount="4" falsecount="0"/>
        <line num="26" count="1" type="cond" truecount="2" falsecount="0"/>
        <line num="35" count="1" type="stmt"/>
        <line num="37" count="1" type="stmt"/>
        <line num="40" count="1" type="stmt"/>
        <line num="41" count="1" type="stmt"/>
        <line num="44" count="23" type="stmt"/>
        <line num="55" count="5" type="stmt"/>
        <line num="66" count="5" type="stmt"/>
        <line num="77" count="5" type="stmt"/>
      </file>
      <file name="Login.js" path="/mnt/c/Users/lywic/Documents/GitHub/cs4218-2420-ecom-project-team40/client/src/pages/Auth/Login.js">
        <metrics statements="22" coveredstatements="22" conditionals="8" coveredconditionals="8" methods="5" coveredmethods="5"/>
        <line num="9" count="1" type="stmt"/>
        <line num="10" count="25" type="stmt"/>
        <line num="11" count="25" type="stmt"/>
        <line num="12" count="25" type="stmt"/>
        <line num="15" count="25" type="stmt"/>
        <line num="16" count="25" type="stmt"/>
        <line num="20" count="25" type="stmt"/>
        <line num="21" count="5" type="stmt"/>
        <line num="22" count="5" type="stmt"/>
        <line num="23" count="5" type="stmt"/>
        <line num="27" count="4" type="cond" truecount="4" falsecount="0"/>
        <line num="28" count="3" type="cond" truecount="2" falsecount="0"/>
        <line num="36" count="3" type="stmt"/>
        <line num="41" count="3" type="stmt"/>
        <line num="42" count="3" type="cond" truecount="2" falsecount="0"/>
        <line num="44" count="1" type="stmt"/>
        <line num="47" count="1" type="stmt"/>
        <line num="48" count="1" type="stmt"/>
        <line num="51" count="25" type="stmt"/>
        <line num="62" count="7" type="stmt"/>
        <line num="73" count="7" type="stmt"/>
        <line num="85" count="1" type="stmt"/>
      </file>
      <file name="Register.js" path="/mnt/c/Users/lywic/Documents/GitHub/cs4218-2420-ecom-project-team40/client/src/pages/Auth/Register.js">
        <metrics statements="27" coveredstatements="27" conditionals="4" coveredconditionals="4" methods="9" coveredmethods="9"/>
        <line num="7" count="1" type="stmt"/>
        <line num="8" count="49" type="stmt"/>
        <line num="9" count="49" type="stmt"/>
        <line num="10" count="49" type="stmt"/>
        <line num="11" count="49" type="stmt"/>
        <line num="12" count="49" type="stmt"/>
        <line num="13" count="49" type="stmt"/>
        <line num="14" count="49" type="stmt"/>
        <line num="15" count="49" type="stmt"/>
        <line num="18" count="49" type="stmt"/>
        <line num="19" count="3" type="stmt"/>
        <line num="20" count="3" type="stmt"/>
        <line num="21" count="3" type="stmt"/>
        <line num="30" count="2" type="cond" truecount="4" falsecount="0"/>
        <line num="31" count="1" type="stmt"/>
        <line num="32" count="1" type="stmt"/>
        <line num="34" count="1" type="stmt"/>
        <line num="37" count="1" type="stmt"/>
        <line num="38" count="1" type="stmt"/>
        <line num="42" count="49" type="stmt"/>
        <line num="51" count="5" type="stmt"/>
        <line num="63" count="6" type="stmt"/>
        <line num="74" count="6" type="stmt"/>
        <line num="85" count="6" type="stmt"/>
        <line num="96" count="6" type="stmt"/>
        <line num="107" count="6" type="stmt"/>
        <line num="118" count="6" type="stmt"/>
      </file>
    </package>
    <package name="pages.admin">
      <metrics statements="156" coveredstatements="140" conditionals="36" coveredconditionals="23" methods="36" coveredmethods="30"/>
      <file name="AdminDashboard.js" path="/mnt/c/Users/lywic/Documents/GitHub/cs4218-2420-ecom-project-team40/client/src/pages/admin/AdminDashboard.js">
        <metrics statements="3" coveredstatements="3" conditionals="0" coveredconditionals="0" methods="1" coveredmethods="1"/>
        <line num="5" count="1" type="stmt"/>
        <line num="6" count="1" type="stmt"/>
        <line num="7" count="1" type="stmt"/>
      </file>
      <file name="CreateProduct.js" path="/mnt/c/Users/lywic/Documents/GitHub/cs4218-2420-ecom-project-team40/client/src/pages/admin/CreateProduct.js">
        <metrics statements="59" coveredstatements="50" conditionals="20" coveredconditionals="12" methods="12" coveredmethods="9"/>
        <line num="8" count="1" type="stmt"/>
        <line num="10" count="1" type="stmt"/>
        <line num="11" count="21" type="stmt"/>
        <line num="12" count="21" type="stmt"/>
        <line num="13" count="21" type="stmt"/>
        <line num="14" count="21" type="stmt"/>
        <line num="15" count="21" type="stmt"/>
        <line num="16" count="21" type="stmt"/>
        <line num="17" count="21" type="stmt"/>
        <line num="18" count="21" type="stmt"/>
        <line num="19" count="21" type="stmt"/>
        <line num="20" count="21" type="stmt"/>
        <line num="21" count="21" type="stmt"/>
        <line num="22" count="21" type="stmt"/>
        <line num="25" count="21" type="stmt"/>
        <line num="26" count="4" type="stmt"/>
        <line num="27" count="4" type="stmt"/>
        <line num="28" count="4" type="cond" truecount="1" falsecount="1"/>
        <line num="29" count="4" type="stmt"/>
        <line num="32" count="0" type="stmt"/>
        <line num="33" count="0" type="stmt"/>
        <line num="37" count="21" type="stmt"/>
        <line num="38" count="4" type="stmt"/>
        <line num="42" count="21" type="stmt"/>
        <line num="43" count="2" type="stmt"/>
        <line num="44" count="2" type="cond" truecount="1" falsecount="1"/>
        <line num="45" count="2" type="stmt"/>
        <line num="47" count="0" type="stmt"/>
        <line num="50" count="2" type="cond" truecount="1" falsecount="1"/>
        <line num="51" count="2" type="stmt"/>
        <line num="53" count="0" type="stmt"/>
        <line num="56" count="2" type="cond" truecount="1" falsecount="1"/>
        <line num="57" count="2" type="stmt"/>
        <line num="59" count="0" type="stmt"/>
        <line num="66" count="2" type="stmt"/>
        <line num="67" count="2" type="stmt"/>
        <line num="68" count="2" type="stmt"/>
        <line num="69" count="2" type="stmt"/>
        <line num="70" count="2" type="stmt"/>
        <line num="71" count="2" type="stmt"/>
        <line num="72" count="2" type="stmt"/>
        <line num="73" count="2" type="stmt"/>
        <line num="74" count="2" type="cond" truecount="1" falsecount="1"/>
        <line num="75" count="2" type="stmt"/>
        <line num="79" count="1" type="cond" truecount="1" falsecount="1"/>
        <line num="80" count="1" type="stmt"/>
        <line num="81" count="1" type="stmt"/>
        <line num="83" count="0" type="stmt"/>
        <line num="86" count="1" type="stmt"/>
        <line num="87" count="1" type="stmt"/>
        <line num="91" count="21" type="stmt"/>
        <line num="110" count="0" type="stmt"/>
        <line num="114" count="28" type="stmt"/>
        <line num="136" count="0" type="stmt"/>
        <line num="162" count="3" type="stmt"/>
        <line num="172" count="3" type="stmt"/>
        <line num="183" count="3" type="stmt"/>
        <line num="193" count="3" type="stmt"/>
        <line num="204" count="0" type="stmt"/>
      </file>
      <file name="Products.js" path="/mnt/c/Users/lywic/Documents/GitHub/cs4218-2420-ecom-project-team40/client/src/pages/admin/Products.js">
        <metrics statements="12" coveredstatements="12" conditionals="0" coveredconditionals="0" methods="4" coveredmethods="4"/>
        <line num="7" count="1" type="stmt"/>
        <line num="8" count="3" type="stmt"/>
        <line num="11" count="3" type="stmt"/>
        <line num="12" count="2" type="stmt"/>
        <line num="13" count="2" type="stmt"/>
        <line num="14" count="1" type="stmt"/>
        <line num="16" count="1" type="stmt"/>
        <line num="17" count="1" type="stmt"/>
        <line num="22" count="3" type="stmt"/>
        <line num="23" count="2" type="stmt"/>
        <line num="25" count="3" type="stmt"/>
        <line num="35" count="2" type="stmt"/>
      </file>
      <file name="UpdateProduct.js" path="/mnt/c/Users/lywic/Documents/GitHub/cs4218-2420-ecom-project-team40/client/src/pages/admin/UpdateProduct.js">
        <metrics statements="70" coveredstatements="63" conditionals="14" coveredconditionals="9" methods="15" coveredmethods="12"/>
        <line num="8" count="1" type="stmt"/>
        <line num="10" count="1" type="stmt"/>
        <line num="11" count="22" type="stmt"/>
        <line num="12" count="22" type="stmt"/>
        <line num="13" count="22" type="stmt"/>
        <line num="14" count="22" type="stmt"/>
        <line num="15" count="22" type="stmt"/>
        <line num="16" count="22" type="stmt"/>
        <line num="17" count="22" type="stmt"/>
        <line num="18" count="22" type="stmt"/>
        <line num="19" count="22" type="stmt"/>
        <line num="20" count="22" type="stmt"/>
        <line num="21" count="22" type="stmt"/>
        <line num="24" count="22" type="stmt"/>
        <line num="25" count="9" type="stmt"/>
        <line num="26" count="9" type="stmt"/>
        <line num="29" count="9" type="stmt"/>
        <line num="30" count="9" type="stmt"/>
        <line num="31" count="9" type="stmt"/>
        <line num="32" count="9" type="stmt"/>
        <line num="33" count="9" type="stmt"/>
        <line num="34" count="9" type="stmt"/>
        <line num="35" count="9" type="stmt"/>
        <line num="37" count="0" type="stmt"/>
        <line num="40" count="22" type="stmt"/>
        <line num="41" count="9" type="stmt"/>
        <line num="45" count="22" type="stmt"/>
        <line num="46" count="9" type="stmt"/>
        <line num="47" count="9" type="stmt"/>
        <line num="48" count="9" type="cond" truecount="1" falsecount="1"/>
        <line num="49" count="9" type="stmt"/>
        <line num="52" count="0" type="stmt"/>
        <line num="53" count="0" type="stmt"/>
        <line num="57" count="22" type="stmt"/>
        <line num="58" count="9" type="stmt"/>
        <line num="62" count="22" type="stmt"/>
        <line num="63" count="4" type="stmt"/>
        <line num="64" count="4" type="stmt"/>
        <line num="65" count="4" type="stmt"/>
        <line num="66" count="4" type="stmt"/>
        <line num="67" count="4" type="stmt"/>
        <line num="68" count="4" type="stmt"/>
        <line num="69" count="4" type="stmt"/>
        <line num="70" count="4" type="cond" truecount="1" falsecount="1"/>
        <line num="71" count="4" type="stmt"/>
        <line num="72" count="4" type="stmt"/>
        <line num="76" count="3" type="cond" truecount="1" falsecount="1"/>
        <line num="77" count="3" type="stmt"/>
        <line num="78" count="3" type="stmt"/>
        <line num="80" count="0" type="stmt"/>
        <line num="83" count="1" type="stmt"/>
        <line num="84" count="1" type="stmt"/>
        <line num="89" count="22" type="stmt"/>
        <line num="90" count="3" type="stmt"/>
        <line num="91" count="3" type="stmt"/>
        <line num="92" count="3" type="cond" truecount="2" falsecount="0"/>
        <line num="93" count="2" type="stmt"/>
        <line num="96" count="1" type="stmt"/>
        <line num="97" count="1" type="stmt"/>
        <line num="99" count="1" type="stmt"/>
        <line num="100" count="1" type="stmt"/>
        <line num="103" count="22" type="stmt"/>
        <line num="120" count="0" type="stmt"/>
        <line num="125" count="16" type="stmt"/>
        <line num="137" count="0" type="stmt"/>
        <line num="169" count="5" type="stmt"/>
        <line num="178" count="1" type="stmt"/>
        <line num="188" count="1" type="stmt"/>
        <line num="197" count="1" type="stmt"/>
        <line num="208" count="0" type="stmt"/>
      </file>
      <file name="Users.js" path="/mnt/c/Users/lywic/Documents/GitHub/cs4218-2420-ecom-project-team40/client/src/pages/admin/Users.js">
        <metrics statements="12" coveredstatements="12" conditionals="2" coveredconditionals="2" methods="4" coveredmethods="4"/>
        <line num="7" count="1" type="stmt"/>
        <line num="8" count="7" type="stmt"/>
        <line num="10" count="7" type="stmt"/>
        <line num="11" count="4" type="stmt"/>
        <line num="12" count="4" type="stmt"/>
        <line num="13" count="3" type="stmt"/>
        <line num="15" count="1" type="stmt"/>
        <line num="16" count="1" type="stmt"/>
        <line num="20" count="7" type="stmt"/>
        <line num="21" count="4" type="stmt"/>
        <line num="24" count="7" type="stmt"/>
        <line num="46" count="4" type="stmt"/>
      </file>
    </package>
    <package name="pages.user">
      <metrics statements="16" coveredstatements="16" conditionals="4" coveredconditionals="4" methods="6" coveredmethods="6"/>
      <file name="Dashboard.js" path="/mnt/c/Users/lywic/Documents/GitHub/cs4218-2420-ecom-project-team40/client/src/pages/user/Dashboard.js">
        <metrics statements="3" coveredstatements="3" conditionals="0" coveredconditionals="0" methods="1" coveredmethods="1"/>
        <line num="5" count="1" type="stmt"/>
        <line num="6" count="2" type="stmt"/>
        <line num="7" count="2" type="stmt"/>
      </file>
      <file name="Orders.js" path="/mnt/c/Users/lywic/Documents/GitHub/cs4218-2420-ecom-project-team40/client/src/pages/user/Orders.js">
        <metrics statements="13" coveredstatements="13" conditionals="4" coveredconditionals="4" methods="5" coveredmethods="5"/>
        <line num="8" count="1" type="stmt"/>
        <line num="9" count="7" type="stmt"/>
        <line num="10" count="7" type="stmt"/>
        <line num="11" count="7" type="stmt"/>
        <line num="12" count="4" type="stmt"/>
        <line num="13" count="4" type="stmt"/>
        <line num="14" count="3" type="stmt"/>
        <line num="16" count="1" type="stmt"/>
        <line num="20" count="7" type="stmt"/>
        <line num="21" count="5" type="cond" truecount="2" falsecount="0"/>
        <line num="23" count="7" type="stmt"/>
        <line num="33" count="2" type="stmt"/>
        <line num="59" count="4" type="stmt"/>
      </file>
    </package>
  </project>
</coverage>
