{"C:\\repo\\cs4218-2420-ecom-project-team40\\controllers\\authController.js": {"path":"C:\\repo\\cs4218-2420-ecom-project-team40\\controllers\\authController.js","statementMap":{"0":{"start":{"line":7,"column":34},"end":{"line":75,"column":1}},"1":{"start":{"line":8,"column":2},"end":{"line":74,"column":3}},"2":{"start":{"line":9,"column":62},"end":{"line":9,"column":70}},"3":{"start":{"line":11,"column":4},"end":{"line":13,"column":5}},"4":{"start":{"line":12,"column":6},"end":{"line":12,"column":53}},"5":{"start":{"line":14,"column":4},"end":{"line":16,"column":5}},"6":{"start":{"line":15,"column":6},"end":{"line":15,"column":56}},"7":{"start":{"line":18,"column":23},"end":{"line":18,"column":51}},"8":{"start":{"line":19,"column":4},"end":{"line":21,"column":5}},"9":{"start":{"line":20,"column":6},"end":{"line":20,"column":59}},"10":{"start":{"line":23,"column":4},"end":{"line":25,"column":5}},"11":{"start":{"line":24,"column":6},"end":{"line":24,"column":59}},"12":{"start":{"line":26,"column":4},"end":{"line":28,"column":5}},"13":{"start":{"line":27,"column":6},"end":{"line":27,"column":59}},"14":{"start":{"line":30,"column":23},"end":{"line":30,"column":70}},"15":{"start":{"line":31,"column":4},"end":{"line":33,"column":5}},"16":{"start":{"line":32,"column":6},"end":{"line":32,"column":58}},"17":{"start":{"line":35,"column":4},"end":{"line":37,"column":5}},"18":{"start":{"line":36,"column":6},"end":{"line":36,"column":58}},"19":{"start":{"line":38,"column":4},"end":{"line":40,"column":5}},"20":{"start":{"line":39,"column":6},"end":{"line":39,"column":57}},"21":{"start":{"line":42,"column":26},"end":{"line":42,"column":60}},"22":{"start":{"line":44,"column":4},"end":{"line":49,"column":5}},"23":{"start":{"line":45,"column":6},"end":{"line":48,"column":9}},"24":{"start":{"line":51,"column":27},"end":{"line":51,"column":55}},"25":{"start":{"line":53,"column":17},"end":{"line":60,"column":13}},"26":{"start":{"line":62,"column":4},"end":{"line":66,"column":7}},"27":{"start":{"line":68,"column":4},"end":{"line":68,"column":23}},"28":{"start":{"line":69,"column":4},"end":{"line":73,"column":7}},"29":{"start":{"line":78,"column":31},"end":{"line":128,"column":1}},"30":{"start":{"line":79,"column":2},"end":{"line":127,"column":3}},"31":{"start":{"line":80,"column":32},"end":{"line":80,"column":40}},"32":{"start":{"line":82,"column":4},"end":{"line":87,"column":5}},"33":{"start":{"line":83,"column":6},"end":{"line":86,"column":9}},"34":{"start":{"line":89,"column":17},"end":{"line":89,"column":51}},"35":{"start":{"line":90,"column":4},"end":{"line":95,"column":5}},"36":{"start":{"line":91,"column":6},"end":{"line":94,"column":9}},"37":{"start":{"line":96,"column":18},"end":{"line":96,"column":64}},"38":{"start":{"line":97,"column":4},"end":{"line":102,"column":5}},"39":{"start":{"line":98,"column":6},"end":{"line":101,"column":9}},"40":{"start":{"line":104,"column":18},"end":{"line":106,"column":6}},"41":{"start":{"line":107,"column":4},"end":{"line":119,"column":7}},"42":{"start":{"line":121,"column":4},"end":{"line":121,"column":23}},"43":{"start":{"line":122,"column":4},"end":{"line":126,"column":7}},"44":{"start":{"line":132,"column":40},"end":{"line":167,"column":1}},"45":{"start":{"line":133,"column":2},"end":{"line":166,"column":3}},"46":{"start":{"line":134,"column":43},"end":{"line":134,"column":51}},"47":{"start":{"line":135,"column":4},"end":{"line":137,"column":5}},"48":{"start":{"line":136,"column":6},"end":{"line":136,"column":61}},"49":{"start":{"line":138,"column":4},"end":{"line":140,"column":5}},"50":{"start":{"line":139,"column":6},"end":{"line":139,"column":62}},"51":{"start":{"line":141,"column":4},"end":{"line":143,"column":5}},"52":{"start":{"line":142,"column":6},"end":{"line":142,"column":68}},"53":{"start":{"line":145,"column":17},"end":{"line":145,"column":59}},"54":{"start":{"line":147,"column":4},"end":{"line":152,"column":5}},"55":{"start":{"line":148,"column":6},"end":{"line":151,"column":9}},"56":{"start":{"line":153,"column":19},"end":{"line":153,"column":50}},"57":{"start":{"line":154,"column":4},"end":{"line":154,"column":70}},"58":{"start":{"line":155,"column":4},"end":{"line":158,"column":7}},"59":{"start":{"line":160,"column":4},"end":{"line":160,"column":23}},"60":{"start":{"line":161,"column":4},"end":{"line":165,"column":7}},"61":{"start":{"line":170,"column":30},"end":{"line":177,"column":1}},"62":{"start":{"line":171,"column":2},"end":{"line":176,"column":3}},"63":{"start":{"line":172,"column":4},"end":{"line":172,"column":33}},"64":{"start":{"line":174,"column":4},"end":{"line":174,"column":23}},"65":{"start":{"line":175,"column":4},"end":{"line":175,"column":24}},"66":{"start":{"line":180,"column":39},"end":{"line":223,"column":1}},"67":{"start":{"line":181,"column":2},"end":{"line":222,"column":3}},"68":{"start":{"line":182,"column":54},"end":{"line":182,"column":62}},"69":{"start":{"line":183,"column":17},"end":{"line":183,"column":55}},"70":{"start":{"line":184,"column":4},"end":{"line":186,"column":5}},"71":{"start":{"line":185,"column":6},"end":{"line":185,"column":80}},"72":{"start":{"line":187,"column":27},"end":{"line":187,"column":78}},"73":{"start":{"line":188,"column":23},"end":{"line":192,"column":5}},"74":{"start":{"line":194,"column":4},"end":{"line":196,"column":5}},"75":{"start":{"line":195,"column":6},"end":{"line":195,"column":43}},"76":{"start":{"line":197,"column":4},"end":{"line":203,"column":5}},"77":{"start":{"line":198,"column":27},"end":{"line":198,"column":61}},"78":{"start":{"line":199,"column":6},"end":{"line":201,"column":7}},"79":{"start":{"line":200,"column":8},"end":{"line":200,"column":59}},"80":{"start":{"line":202,"column":6},"end":{"line":202,"column":31}},"81":{"start":{"line":205,"column":24},"end":{"line":209,"column":5}},"82":{"start":{"line":210,"column":4},"end":{"line":214,"column":7}},"83":{"start":{"line":216,"column":4},"end":{"line":216,"column":23}},"84":{"start":{"line":217,"column":4},"end":{"line":221,"column":7}},"85":{"start":{"line":226,"column":35},"end":{"line":241,"column":1}},"86":{"start":{"line":227,"column":2},"end":{"line":240,"column":3}},"87":{"start":{"line":228,"column":19},"end":{"line":231,"column":32}},"88":{"start":{"line":232,"column":4},"end":{"line":232,"column":21}},"89":{"start":{"line":234,"column":4},"end":{"line":234,"column":23}},"90":{"start":{"line":235,"column":4},"end":{"line":239,"column":7}},"91":{"start":{"line":243,"column":38},"end":{"line":259,"column":1}},"92":{"start":{"line":244,"column":2},"end":{"line":258,"column":3}},"93":{"start":{"line":245,"column":19},"end":{"line":249,"column":32}},"94":{"start":{"line":250,"column":4},"end":{"line":250,"column":21}},"95":{"start":{"line":252,"column":4},"end":{"line":252,"column":23}},"96":{"start":{"line":253,"column":4},"end":{"line":257,"column":7}},"97":{"start":{"line":262,"column":37},"end":{"line":280,"column":1}},"98":{"start":{"line":263,"column":2},"end":{"line":279,"column":3}},"99":{"start":{"line":264,"column":24},"end":{"line":264,"column":34}},"100":{"start":{"line":265,"column":23},"end":{"line":265,"column":31}},"101":{"start":{"line":266,"column":19},"end":{"line":270,"column":5}},"102":{"start":{"line":271,"column":4},"end":{"line":271,"column":21}},"103":{"start":{"line":273,"column":4},"end":{"line":273,"column":23}},"104":{"start":{"line":274,"column":4},"end":{"line":278,"column":7}}},"fnMap":{"0":{"name":"(anonymous_0)","decl":{"start":{"line":7,"column":34},"end":{"line":7,"column":35}},"loc":{"start":{"line":7,"column":54},"end":{"line":75,"column":1}},"line":7},"1":{"name":"(anonymous_1)","decl":{"start":{"line":78,"column":31},"end":{"line":78,"column":32}},"loc":{"start":{"line":78,"column":51},"end":{"line":128,"column":1}},"line":78},"2":{"name":"(anonymous_2)","decl":{"start":{"line":132,"column":40},"end":{"line":132,"column":41}},"loc":{"start":{"line":132,"column":60},"end":{"line":167,"column":1}},"line":132},"3":{"name":"(anonymous_3)","decl":{"start":{"line":170,"column":30},"end":{"line":170,"column":31}},"loc":{"start":{"line":170,"column":44},"end":{"line":177,"column":1}},"line":170},"4":{"name":"(anonymous_4)","decl":{"start":{"line":180,"column":39},"end":{"line":180,"column":40}},"loc":{"start":{"line":180,"column":59},"end":{"line":223,"column":1}},"line":180},"5":{"name":"(anonymous_5)","decl":{"start":{"line":226,"column":35},"end":{"line":226,"column":36}},"loc":{"start":{"line":226,"column":55},"end":{"line":241,"column":1}},"line":226},"6":{"name":"(anonymous_6)","decl":{"start":{"line":243,"column":38},"end":{"line":243,"column":39}},"loc":{"start":{"line":243,"column":58},"end":{"line":259,"column":1}},"line":243},"7":{"name":"(anonymous_7)","decl":{"start":{"line":262,"column":37},"end":{"line":262,"column":38}},"loc":{"start":{"line":262,"column":57},"end":{"line":280,"column":1}},"line":262}},"branchMap":{"0":{"loc":{"start":{"line":11,"column":4},"end":{"line":13,"column":5}},"type":"if","locations":[{"start":{"line":11,"column":4},"end":{"line":13,"column":5}},{"start":{},"end":{}}],"line":11},"1":{"loc":{"start":{"line":14,"column":4},"end":{"line":16,"column":5}},"type":"if","locations":[{"start":{"line":14,"column":4},"end":{"line":16,"column":5}},{"start":{},"end":{}}],"line":14},"2":{"loc":{"start":{"line":19,"column":4},"end":{"line":21,"column":5}},"type":"if","locations":[{"start":{"line":19,"column":4},"end":{"line":21,"column":5}},{"start":{},"end":{}}],"line":19},"3":{"loc":{"start":{"line":23,"column":4},"end":{"line":25,"column":5}},"type":"if","locations":[{"start":{"line":23,"column":4},"end":{"line":25,"column":5}},{"start":{},"end":{}}],"line":23},"4":{"loc":{"start":{"line":26,"column":4},"end":{"line":28,"column":5}},"type":"if","locations":[{"start":{"line":26,"column":4},"end":{"line":28,"column":5}},{"start":{},"end":{}}],"line":26},"5":{"loc":{"start":{"line":31,"column":4},"end":{"line":33,"column":5}},"type":"if","locations":[{"start":{"line":31,"column":4},"end":{"line":33,"column":5}},{"start":{},"end":{}}],"line":31},"6":{"loc":{"start":{"line":35,"column":4},"end":{"line":37,"column":5}},"type":"if","locations":[{"start":{"line":35,"column":4},"end":{"line":37,"column":5}},{"start":{},"end":{}}],"line":35},"7":{"loc":{"start":{"line":38,"column":4},"end":{"line":40,"column":5}},"type":"if","locations":[{"start":{"line":38,"column":4},"end":{"line":40,"column":5}},{"start":{},"end":{}}],"line":38},"8":{"loc":{"start":{"line":44,"column":4},"end":{"line":49,"column":5}},"type":"if","locations":[{"start":{"line":44,"column":4},"end":{"line":49,"column":5}},{"start":{},"end":{}}],"line":44},"9":{"loc":{"start":{"line":82,"column":4},"end":{"line":87,"column":5}},"type":"if","locations":[{"start":{"line":82,"column":4},"end":{"line":87,"column":5}},{"start":{},"end":{}}],"line":82},"10":{"loc":{"start":{"line":82,"column":8},"end":{"line":82,"column":27}},"type":"binary-expr","locations":[{"start":{"line":82,"column":8},"end":{"line":82,"column":14}},{"start":{"line":82,"column":18},"end":{"line":82,"column":27}}],"line":82},"11":{"loc":{"start":{"line":90,"column":4},"end":{"line":95,"column":5}},"type":"if","locations":[{"start":{"line":90,"column":4},"end":{"line":95,"column":5}},{"start":{},"end":{}}],"line":90},"12":{"loc":{"start":{"line":97,"column":4},"end":{"line":102,"column":5}},"type":"if","locations":[{"start":{"line":97,"column":4},"end":{"line":102,"column":5}},{"start":{},"end":{}}],"line":97},"13":{"loc":{"start":{"line":135,"column":4},"end":{"line":137,"column":5}},"type":"if","locations":[{"start":{"line":135,"column":4},"end":{"line":137,"column":5}},{"start":{},"end":{}}],"line":135},"14":{"loc":{"start":{"line":138,"column":4},"end":{"line":140,"column":5}},"type":"if","locations":[{"start":{"line":138,"column":4},"end":{"line":140,"column":5}},{"start":{},"end":{}}],"line":138},"15":{"loc":{"start":{"line":141,"column":4},"end":{"line":143,"column":5}},"type":"if","locations":[{"start":{"line":141,"column":4},"end":{"line":143,"column":5}},{"start":{},"end":{}}],"line":141},"16":{"loc":{"start":{"line":147,"column":4},"end":{"line":152,"column":5}},"type":"if","locations":[{"start":{"line":147,"column":4},"end":{"line":152,"column":5}},{"start":{},"end":{}}],"line":147},"17":{"loc":{"start":{"line":184,"column":4},"end":{"line":186,"column":5}},"type":"if","locations":[{"start":{"line":184,"column":4},"end":{"line":186,"column":5}},{"start":{},"end":{}}],"line":184},"18":{"loc":{"start":{"line":184,"column":8},"end":{"line":184,"column":39}},"type":"binary-expr","locations":[{"start":{"line":184,"column":8},"end":{"line":184,"column":16}},{"start":{"line":184,"column":20},"end":{"line":184,"column":39}}],"line":184},"19":{"loc":{"start":{"line":187,"column":27},"end":{"line":187,"column":78}},"type":"cond-expr","locations":[{"start":{"line":187,"column":38},"end":{"line":187,"column":66}},{"start":{"line":187,"column":69},"end":{"line":187,"column":78}}],"line":187},"20":{"loc":{"start":{"line":189,"column":12},"end":{"line":189,"column":29}},"type":"binary-expr","locations":[{"start":{"line":189,"column":12},"end":{"line":189,"column":16}},{"start":{"line":189,"column":20},"end":{"line":189,"column":29}}],"line":189},"21":{"loc":{"start":{"line":190,"column":13},"end":{"line":190,"column":32}},"type":"binary-expr","locations":[{"start":{"line":190,"column":13},"end":{"line":190,"column":18}},{"start":{"line":190,"column":22},"end":{"line":190,"column":32}}],"line":190},"22":{"loc":{"start":{"line":191,"column":15},"end":{"line":191,"column":38}},"type":"binary-expr","locations":[{"start":{"line":191,"column":15},"end":{"line":191,"column":22}},{"start":{"line":191,"column":26},"end":{"line":191,"column":38}}],"line":191},"23":{"loc":{"start":{"line":194,"column":4},"end":{"line":196,"column":5}},"type":"if","locations":[{"start":{"line":194,"column":4},"end":{"line":196,"column":5}},{"start":{},"end":{}}],"line":194},"24":{"loc":{"start":{"line":197,"column":4},"end":{"line":203,"column":5}},"type":"if","locations":[{"start":{"line":197,"column":4},"end":{"line":203,"column":5}},{"start":{},"end":{}}],"line":197},"25":{"loc":{"start":{"line":197,"column":8},"end":{"line":197,"column":37}},"type":"binary-expr","locations":[{"start":{"line":197,"column":8},"end":{"line":197,"column":13}},{"start":{"line":197,"column":17},"end":{"line":197,"column":37}}],"line":197},"26":{"loc":{"start":{"line":199,"column":6},"end":{"line":201,"column":7}},"type":"if","locations":[{"start":{"line":199,"column":6},"end":{"line":201,"column":7}},{"start":{},"end":{}}],"line":199}},"s":{"0":2,"1":11,"2":11,"3":11,"4":1,"5":10,"6":1,"7":9,"8":9,"9":2,"10":7,"11":1,"12":6,"13":1,"14":5,"15":5,"16":1,"17":4,"18":1,"19":3,"20":1,"21":2,"22":2,"23":1,"24":1,"25":1,"26":1,"27":0,"28":0,"29":2,"30":5,"31":5,"32":5,"33":1,"34":4,"35":3,"36":1,"37":2,"38":2,"39":1,"40":1,"41":1,"42":1,"43":1,"44":2,"45":6,"46":6,"47":6,"48":1,"49":6,"50":1,"51":6,"52":1,"53":6,"54":2,"55":1,"56":1,"57":1,"58":1,"59":4,"60":4,"61":2,"62":0,"63":0,"64":0,"65":0,"66":2,"67":7,"68":7,"69":7,"70":6,"71":1,"72":5,"73":5,"74":5,"75":1,"76":5,"77":2,"78":2,"79":1,"80":1,"81":4,"82":4,"83":1,"84":1,"85":2,"86":2,"87":2,"88":1,"89":1,"90":1,"91":2,"92":2,"93":2,"94":1,"95":1,"96":1,"97":2,"98":2,"99":2,"100":2,"101":2,"102":1,"103":1,"104":1},"f":{"0":11,"1":5,"2":6,"3":0,"4":7,"5":2,"6":2,"7":2},"b":{"0":[1,10],"1":[1,9],"2":[2,7],"3":[1,6],"4":[1,5],"5":[1,4],"6":[1,3],"7":[1,2],"8":[1,1],"9":[1,4],"10":[5,4],"11":[1,2],"12":[1,1],"13":[1,5],"14":[1,5],"15":[1,5],"16":[1,1],"17":[1,5],"18":[6,2],"19":[1,4],"20":[5,3],"21":[5,5],"22":[5,4],"23":[1,4],"24":[2,3],"25":[5,3],"26":[1,1]},"_coverageSchema":"1a1c01bbd47fc00a2c39e90264f33305004495a9","hash":"db53860bb447d584dcf7274bd28b81a0a6949a99"}
,"C:\\repo\\cs4218-2420-ecom-project-team40\\controllers\\categoryController.js": {"path":"C:\\repo\\cs4218-2420-ecom-project-team40\\controllers\\categoryController.js","statementMap":{"0":{"start":{"line":3,"column":40},"end":{"line":33,"column":1}},"1":{"start":{"line":4,"column":2},"end":{"line":32,"column":3}},"2":{"start":{"line":5,"column":21},"end":{"line":5,"column":29}},"3":{"start":{"line":6,"column":4},"end":{"line":8,"column":5}},"4":{"start":{"line":7,"column":6},"end":{"line":7,"column":67}},"5":{"start":{"line":9,"column":29},"end":{"line":9,"column":66}},"6":{"start":{"line":10,"column":4},"end":{"line":15,"column":5}},"7":{"start":{"line":11,"column":6},"end":{"line":14,"column":9}},"8":{"start":{"line":16,"column":21},"end":{"line":19,"column":13}},"9":{"start":{"line":20,"column":4},"end":{"line":24,"column":7}},"10":{"start":{"line":26,"column":4},"end":{"line":26,"column":23}},"11":{"start":{"line":27,"column":4},"end":{"line":31,"column":7}},"12":{"start":{"line":36,"column":40},"end":{"line":58,"column":1}},"13":{"start":{"line":37,"column":2},"end":{"line":57,"column":3}},"14":{"start":{"line":38,"column":21},"end":{"line":38,"column":29}},"15":{"start":{"line":39,"column":19},"end":{"line":39,"column":29}},"16":{"start":{"line":40,"column":21},"end":{"line":44,"column":5}},"17":{"start":{"line":45,"column":4},"end":{"line":49,"column":7}},"18":{"start":{"line":51,"column":4},"end":{"line":51,"column":23}},"19":{"start":{"line":52,"column":4},"end":{"line":56,"column":7}},"20":{"start":{"line":61,"column":35},"end":{"line":77,"column":1}},"21":{"start":{"line":62,"column":2},"end":{"line":76,"column":3}},"22":{"start":{"line":63,"column":21},"end":{"line":63,"column":49}},"23":{"start":{"line":64,"column":4},"end":{"line":68,"column":7}},"24":{"start":{"line":70,"column":4},"end":{"line":70,"column":23}},"25":{"start":{"line":71,"column":4},"end":{"line":75,"column":7}},"26":{"start":{"line":80,"column":40},"end":{"line":96,"column":1}},"27":{"start":{"line":81,"column":2},"end":{"line":95,"column":3}},"28":{"start":{"line":82,"column":21},"end":{"line":82,"column":75}},"29":{"start":{"line":83,"column":4},"end":{"line":87,"column":7}},"30":{"start":{"line":89,"column":4},"end":{"line":89,"column":23}},"31":{"start":{"line":90,"column":4},"end":{"line":94,"column":7}},"32":{"start":{"line":99,"column":40},"end":{"line":115,"column":1}},"33":{"start":{"line":100,"column":2},"end":{"line":114,"column":3}},"34":{"start":{"line":101,"column":19},"end":{"line":101,"column":29}},"35":{"start":{"line":102,"column":4},"end":{"line":102,"column":46}},"36":{"start":{"line":103,"column":4},"end":{"line":106,"column":7}},"37":{"start":{"line":108,"column":4},"end":{"line":108,"column":23}},"38":{"start":{"line":109,"column":4},"end":{"line":113,"column":7}}},"fnMap":{"0":{"name":"(anonymous_0)","decl":{"start":{"line":3,"column":40},"end":{"line":3,"column":41}},"loc":{"start":{"line":3,"column":60},"end":{"line":33,"column":1}},"line":3},"1":{"name":"(anonymous_1)","decl":{"start":{"line":36,"column":40},"end":{"line":36,"column":41}},"loc":{"start":{"line":36,"column":60},"end":{"line":58,"column":1}},"line":36},"2":{"name":"(anonymous_2)","decl":{"start":{"line":61,"column":35},"end":{"line":61,"column":36}},"loc":{"start":{"line":61,"column":55},"end":{"line":77,"column":1}},"line":61},"3":{"name":"(anonymous_3)","decl":{"start":{"line":80,"column":40},"end":{"line":80,"column":41}},"loc":{"start":{"line":80,"column":60},"end":{"line":96,"column":1}},"line":80},"4":{"name":"(anonymous_4)","decl":{"start":{"line":99,"column":40},"end":{"line":99,"column":41}},"loc":{"start":{"line":99,"column":60},"end":{"line":115,"column":1}},"line":99}},"branchMap":{"0":{"loc":{"start":{"line":6,"column":4},"end":{"line":8,"column":5}},"type":"if","locations":[{"start":{"line":6,"column":4},"end":{"line":8,"column":5}},{"start":{},"end":{}}],"line":6},"1":{"loc":{"start":{"line":10,"column":4},"end":{"line":15,"column":5}},"type":"if","locations":[{"start":{"line":10,"column":4},"end":{"line":15,"column":5}},{"start":{},"end":{}}],"line":10}},"s":{"0":1,"1":3,"2":3,"3":3,"4":1,"5":2,"6":2,"7":1,"8":1,"9":1,"10":0,"11":0,"12":1,"13":1,"14":1,"15":1,"16":1,"17":1,"18":0,"19":0,"20":1,"21":1,"22":1,"23":1,"24":0,"25":0,"26":1,"27":1,"28":1,"29":1,"30":0,"31":0,"32":1,"33":1,"34":1,"35":1,"36":1,"37":0,"38":0},"f":{"0":3,"1":1,"2":1,"3":1,"4":1},"b":{"0":[1,2],"1":[1,1]},"_coverageSchema":"1a1c01bbd47fc00a2c39e90264f33305004495a9","hash":"69ce84391860d4be9541bc030d900792d8c24421"}
,"C:\\repo\\cs4218-2420-ecom-project-team40\\controllers\\productController.js": {"path":"C:\\repo\\cs4218-2420-ecom-project-team40\\controllers\\productController.js","statementMap":{"0":{"start":{"line":10,"column":0},"end":{"line":10,"column":16}},"1":{"start":{"line":13,"column":14},"end":{"line":18,"column":2}},"2":{"start":{"line":20,"column":39},"end":{"line":62,"column":1}},"3":{"start":{"line":21,"column":2},"end":{"line":61,"column":3}},"4":{"start":{"line":23,"column":6},"end":{"line":23,"column":16}},"5":{"start":{"line":24,"column":22},"end":{"line":24,"column":31}},"6":{"start":{"line":26,"column":4},"end":{"line":41,"column":5}},"7":{"start":{"line":28,"column":8},"end":{"line":28,"column":67}},"8":{"start":{"line":30,"column":8},"end":{"line":30,"column":74}},"9":{"start":{"line":32,"column":8},"end":{"line":32,"column":68}},"10":{"start":{"line":34,"column":8},"end":{"line":34,"column":71}},"11":{"start":{"line":36,"column":8},"end":{"line":36,"column":71}},"12":{"start":{"line":38,"column":8},"end":{"line":40,"column":76}},"13":{"start":{"line":43,"column":21},"end":{"line":43,"column":77}},"14":{"start":{"line":44,"column":4},"end":{"line":47,"column":5}},"15":{"start":{"line":45,"column":6},"end":{"line":45,"column":56}},"16":{"start":{"line":46,"column":6},"end":{"line":46,"column":46}},"17":{"start":{"line":48,"column":4},"end":{"line":48,"column":26}},"18":{"start":{"line":49,"column":4},"end":{"line":53,"column":7}},"19":{"start":{"line":55,"column":4},"end":{"line":55,"column":23}},"20":{"start":{"line":56,"column":4},"end":{"line":60,"column":7}},"21":{"start":{"line":65,"column":36},"end":{"line":87,"column":1}},"22":{"start":{"line":66,"column":2},"end":{"line":86,"column":3}},"23":{"start":{"line":67,"column":21},"end":{"line":72,"column":30}},"24":{"start":{"line":73,"column":4},"end":{"line":78,"column":7}},"25":{"start":{"line":80,"column":4},"end":{"line":80,"column":23}},"26":{"start":{"line":81,"column":4},"end":{"line":85,"column":7}},"27":{"start":{"line":89,"column":42},"end":{"line":108,"column":1}},"28":{"start":{"line":90,"column":2},"end":{"line":107,"column":3}},"29":{"start":{"line":91,"column":20},"end":{"line":94,"column":27}},"30":{"start":{"line":95,"column":4},"end":{"line":99,"column":7}},"31":{"start":{"line":101,"column":4},"end":{"line":101,"column":23}},"32":{"start":{"line":102,"column":4},"end":{"line":106,"column":7}},"33":{"start":{"line":111,"column":38},"end":{"line":126,"column":1}},"34":{"start":{"line":112,"column":2},"end":{"line":125,"column":3}},"35":{"start":{"line":113,"column":20},"end":{"line":113,"column":79}},"36":{"start":{"line":114,"column":4},"end":{"line":117,"column":5}},"37":{"start":{"line":115,"column":6},"end":{"line":115,"column":57}},"38":{"start":{"line":116,"column":6},"end":{"line":116,"column":54}},"39":{"start":{"line":119,"column":4},"end":{"line":119,"column":23}},"40":{"start":{"line":120,"column":4},"end":{"line":124,"column":7}},"41":{"start":{"line":129,"column":39},"end":{"line":144,"column":1}},"42":{"start":{"line":130,"column":2},"end":{"line":143,"column":3}},"43":{"start":{"line":131,"column":4},"end":{"line":131,"column":74}},"44":{"start":{"line":132,"column":4},"end":{"line":135,"column":7}},"45":{"start":{"line":137,"column":4},"end":{"line":137,"column":23}},"46":{"start":{"line":138,"column":4},"end":{"line":142,"column":7}},"47":{"start":{"line":147,"column":39},"end":{"line":193,"column":1}},"48":{"start":{"line":148,"column":2},"end":{"line":192,"column":3}},"49":{"start":{"line":150,"column":6},"end":{"line":150,"column":16}},"50":{"start":{"line":151,"column":22},"end":{"line":151,"column":31}},"51":{"start":{"line":153,"column":4},"end":{"line":168,"column":5}},"52":{"start":{"line":155,"column":8},"end":{"line":155,"column":67}},"53":{"start":{"line":157,"column":8},"end":{"line":157,"column":74}},"54":{"start":{"line":159,"column":8},"end":{"line":159,"column":68}},"55":{"start":{"line":161,"column":8},"end":{"line":161,"column":71}},"56":{"start":{"line":163,"column":8},"end":{"line":163,"column":71}},"57":{"start":{"line":165,"column":8},"end":{"line":167,"column":76}},"58":{"start":{"line":170,"column":21},"end":{"line":174,"column":5}},"59":{"start":{"line":175,"column":4},"end":{"line":178,"column":5}},"60":{"start":{"line":176,"column":6},"end":{"line":176,"column":56}},"61":{"start":{"line":177,"column":6},"end":{"line":177,"column":46}},"62":{"start":{"line":179,"column":4},"end":{"line":179,"column":26}},"63":{"start":{"line":180,"column":4},"end":{"line":184,"column":7}},"64":{"start":{"line":186,"column":4},"end":{"line":186,"column":23}},"65":{"start":{"line":187,"column":4},"end":{"line":191,"column":7}},"66":{"start":{"line":196,"column":40},"end":{"line":215,"column":1}},"67":{"start":{"line":197,"column":2},"end":{"line":214,"column":3}},"68":{"start":{"line":198,"column":31},"end":{"line":198,"column":39}},"69":{"start":{"line":199,"column":15},"end":{"line":199,"column":17}},"70":{"start":{"line":200,"column":4},"end":{"line":200,"column":52}},"71":{"start":{"line":200,"column":28},"end":{"line":200,"column":52}},"72":{"start":{"line":201,"column":4},"end":{"line":201,"column":70}},"73":{"start":{"line":201,"column":22},"end":{"line":201,"column":70}},"74":{"start":{"line":202,"column":21},"end":{"line":202,"column":50}},"75":{"start":{"line":203,"column":4},"end":{"line":206,"column":7}},"76":{"start":{"line":208,"column":4},"end":{"line":208,"column":23}},"77":{"start":{"line":209,"column":4},"end":{"line":213,"column":7}},"78":{"start":{"line":218,"column":38},"end":{"line":233,"column":1}},"79":{"start":{"line":219,"column":2},"end":{"line":232,"column":3}},"80":{"start":{"line":220,"column":18},"end":{"line":220,"column":70}},"81":{"start":{"line":221,"column":4},"end":{"line":224,"column":7}},"82":{"start":{"line":226,"column":4},"end":{"line":226,"column":23}},"83":{"start":{"line":227,"column":4},"end":{"line":231,"column":7}},"84":{"start":{"line":236,"column":37},"end":{"line":258,"column":1}},"85":{"start":{"line":237,"column":2},"end":{"line":257,"column":3}},"86":{"start":{"line":238,"column":20},"end":{"line":238,"column":21}},"87":{"start":{"line":239,"column":17},"end":{"line":239,"column":54}},"88":{"start":{"line":240,"column":21},"end":{"line":245,"column":30}},"89":{"start":{"line":246,"column":4},"end":{"line":249,"column":7}},"90":{"start":{"line":251,"column":4},"end":{"line":251,"column":23}},"91":{"start":{"line":252,"column":4},"end":{"line":256,"column":7}},"92":{"start":{"line":261,"column":39},"end":{"line":281,"column":1}},"93":{"start":{"line":262,"column":2},"end":{"line":280,"column":3}},"94":{"start":{"line":263,"column":24},"end":{"line":263,"column":34}},"95":{"start":{"line":264,"column":20},"end":{"line":271,"column":23}},"96":{"start":{"line":272,"column":4},"end":{"line":272,"column":22}},"97":{"start":{"line":274,"column":4},"end":{"line":274,"column":23}},"98":{"start":{"line":275,"column":4},"end":{"line":279,"column":7}},"99":{"start":{"line":284,"column":40},"end":{"line":307,"column":1}},"100":{"start":{"line":285,"column":2},"end":{"line":306,"column":3}},"101":{"start":{"line":286,"column":25},"end":{"line":286,"column":35}},"102":{"start":{"line":287,"column":21},"end":{"line":294,"column":27}},"103":{"start":{"line":295,"column":4},"end":{"line":298,"column":7}},"104":{"start":{"line":300,"column":4},"end":{"line":300,"column":23}},"105":{"start":{"line":301,"column":4},"end":{"line":305,"column":7}},"106":{"start":{"line":310,"column":41},"end":{"line":327,"column":1}},"107":{"start":{"line":311,"column":2},"end":{"line":326,"column":3}},"108":{"start":{"line":312,"column":21},"end":{"line":312,"column":75}},"109":{"start":{"line":313,"column":21},"end":{"line":313,"column":79}},"110":{"start":{"line":314,"column":4},"end":{"line":318,"column":7}},"111":{"start":{"line":320,"column":4},"end":{"line":320,"column":23}},"112":{"start":{"line":321,"column":4},"end":{"line":325,"column":7}},"113":{"start":{"line":331,"column":40},"end":{"line":343,"column":1}},"114":{"start":{"line":332,"column":2},"end":{"line":342,"column":3}},"115":{"start":{"line":333,"column":4},"end":{"line":339,"column":7}},"116":{"start":{"line":334,"column":6},"end":{"line":338,"column":7}},"117":{"start":{"line":335,"column":8},"end":{"line":335,"column":34}},"118":{"start":{"line":337,"column":8},"end":{"line":337,"column":27}},"119":{"start":{"line":341,"column":4},"end":{"line":341,"column":23}},"120":{"start":{"line":346,"column":42},"end":{"line":377,"column":1}},"121":{"start":{"line":347,"column":2},"end":{"line":376,"column":3}},"122":{"start":{"line":348,"column":28},"end":{"line":348,"column":36}},"123":{"start":{"line":349,"column":16},"end":{"line":349,"column":17}},"124":{"start":{"line":350,"column":4},"end":{"line":352,"column":7}},"125":{"start":{"line":351,"column":6},"end":{"line":351,"column":23}},"126":{"start":{"line":353,"column":25},"end":{"line":373,"column":5}},"127":{"start":{"line":362,"column":8},"end":{"line":371,"column":9}},"128":{"start":{"line":363,"column":24},"end":{"line":367,"column":19}},"129":{"start":{"line":368,"column":10},"end":{"line":368,"column":33}},"130":{"start":{"line":370,"column":10},"end":{"line":370,"column":38}},"131":{"start":{"line":375,"column":4},"end":{"line":375,"column":23}}},"fnMap":{"0":{"name":"(anonymous_0)","decl":{"start":{"line":20,"column":39},"end":{"line":20,"column":40}},"loc":{"start":{"line":20,"column":59},"end":{"line":62,"column":1}},"line":20},"1":{"name":"(anonymous_1)","decl":{"start":{"line":65,"column":36},"end":{"line":65,"column":37}},"loc":{"start":{"line":65,"column":56},"end":{"line":87,"column":1}},"line":65},"2":{"name":"(anonymous_2)","decl":{"start":{"line":89,"column":42},"end":{"line":89,"column":43}},"loc":{"start":{"line":89,"column":62},"end":{"line":108,"column":1}},"line":89},"3":{"name":"(anonymous_3)","decl":{"start":{"line":111,"column":38},"end":{"line":111,"column":39}},"loc":{"start":{"line":111,"column":58},"end":{"line":126,"column":1}},"line":111},"4":{"name":"(anonymous_4)","decl":{"start":{"line":129,"column":39},"end":{"line":129,"column":40}},"loc":{"start":{"line":129,"column":59},"end":{"line":144,"column":1}},"line":129},"5":{"name":"(anonymous_5)","decl":{"start":{"line":147,"column":39},"end":{"line":147,"column":40}},"loc":{"start":{"line":147,"column":59},"end":{"line":193,"column":1}},"line":147},"6":{"name":"(anonymous_6)","decl":{"start":{"line":196,"column":40},"end":{"line":196,"column":41}},"loc":{"start":{"line":196,"column":60},"end":{"line":215,"column":1}},"line":196},"7":{"name":"(anonymous_7)","decl":{"start":{"line":218,"column":38},"end":{"line":218,"column":39}},"loc":{"start":{"line":218,"column":58},"end":{"line":233,"column":1}},"line":218},"8":{"name":"(anonymous_8)","decl":{"start":{"line":236,"column":37},"end":{"line":236,"column":38}},"loc":{"start":{"line":236,"column":57},"end":{"line":258,"column":1}},"line":236},"9":{"name":"(anonymous_9)","decl":{"start":{"line":261,"column":39},"end":{"line":261,"column":40}},"loc":{"start":{"line":261,"column":59},"end":{"line":281,"column":1}},"line":261},"10":{"name":"(anonymous_10)","decl":{"start":{"line":284,"column":40},"end":{"line":284,"column":41}},"loc":{"start":{"line":284,"column":60},"end":{"line":307,"column":1}},"line":284},"11":{"name":"(anonymous_11)","decl":{"start":{"line":310,"column":41},"end":{"line":310,"column":42}},"loc":{"start":{"line":310,"column":61},"end":{"line":327,"column":1}},"line":310},"12":{"name":"(anonymous_12)","decl":{"start":{"line":331,"column":40},"end":{"line":331,"column":41}},"loc":{"start":{"line":331,"column":60},"end":{"line":343,"column":1}},"line":331},"13":{"name":"(anonymous_13)","decl":{"start":{"line":333,"column":37},"end":{"line":333,"column":38}},"loc":{"start":{"line":333,"column":62},"end":{"line":339,"column":5}},"line":333},"14":{"name":"(anonymous_14)","decl":{"start":{"line":346,"column":42},"end":{"line":346,"column":43}},"loc":{"start":{"line":346,"column":62},"end":{"line":377,"column":1}},"line":346},"15":{"name":"(anonymous_15)","decl":{"start":{"line":350,"column":13},"end":{"line":350,"column":14}},"loc":{"start":{"line":350,"column":20},"end":{"line":352,"column":5}},"line":350},"16":{"name":"(anonymous_16)","decl":{"start":{"line":361,"column":6},"end":{"line":361,"column":7}},"loc":{"start":{"line":361,"column":31},"end":{"line":372,"column":7}},"line":361}},"branchMap":{"0":{"loc":{"start":{"line":26,"column":4},"end":{"line":41,"column":5}},"type":"switch","locations":[{"start":{"line":27,"column":6},"end":{"line":28,"column":67}},{"start":{"line":29,"column":6},"end":{"line":30,"column":74}},{"start":{"line":31,"column":6},"end":{"line":32,"column":68}},{"start":{"line":33,"column":6},"end":{"line":34,"column":71}},{"start":{"line":35,"column":6},"end":{"line":36,"column":71}},{"start":{"line":37,"column":6},"end":{"line":40,"column":76}}],"line":26},"1":{"loc":{"start":{"line":37,"column":11},"end":{"line":37,"column":40}},"type":"binary-expr","locations":[{"start":{"line":37,"column":11},"end":{"line":37,"column":16}},{"start":{"line":37,"column":20},"end":{"line":37,"column":40}}],"line":37},"2":{"loc":{"start":{"line":44,"column":4},"end":{"line":47,"column":5}},"type":"if","locations":[{"start":{"line":44,"column":4},"end":{"line":47,"column":5}},{"start":{},"end":{}}],"line":44},"3":{"loc":{"start":{"line":114,"column":4},"end":{"line":117,"column":5}},"type":"if","locations":[{"start":{"line":114,"column":4},"end":{"line":117,"column":5}},{"start":{},"end":{}}],"line":114},"4":{"loc":{"start":{"line":153,"column":4},"end":{"line":168,"column":5}},"type":"switch","locations":[{"start":{"line":154,"column":6},"end":{"line":155,"column":67}},{"start":{"line":156,"column":6},"end":{"line":157,"column":74}},{"start":{"line":158,"column":6},"end":{"line":159,"column":68}},{"start":{"line":160,"column":6},"end":{"line":161,"column":71}},{"start":{"line":162,"column":6},"end":{"line":163,"column":71}},{"start":{"line":164,"column":6},"end":{"line":167,"column":76}}],"line":153},"5":{"loc":{"start":{"line":164,"column":11},"end":{"line":164,"column":40}},"type":"binary-expr","locations":[{"start":{"line":164,"column":11},"end":{"line":164,"column":16}},{"start":{"line":164,"column":20},"end":{"line":164,"column":40}}],"line":164},"6":{"loc":{"start":{"line":175,"column":4},"end":{"line":178,"column":5}},"type":"if","locations":[{"start":{"line":175,"column":4},"end":{"line":178,"column":5}},{"start":{},"end":{}}],"line":175},"7":{"loc":{"start":{"line":200,"column":4},"end":{"line":200,"column":52}},"type":"if","locations":[{"start":{"line":200,"column":4},"end":{"line":200,"column":52}},{"start":{},"end":{}}],"line":200},"8":{"loc":{"start":{"line":201,"column":4},"end":{"line":201,"column":70}},"type":"if","locations":[{"start":{"line":201,"column":4},"end":{"line":201,"column":70}},{"start":{},"end":{}}],"line":201},"9":{"loc":{"start":{"line":239,"column":17},"end":{"line":239,"column":54}},"type":"cond-expr","locations":[{"start":{"line":239,"column":35},"end":{"line":239,"column":50}},{"start":{"line":239,"column":53},"end":{"line":239,"column":54}}],"line":239},"10":{"loc":{"start":{"line":334,"column":6},"end":{"line":338,"column":7}},"type":"if","locations":[{"start":{"line":334,"column":6},"end":{"line":338,"column":7}},{"start":{"line":336,"column":13},"end":{"line":338,"column":7}}],"line":334},"11":{"loc":{"start":{"line":362,"column":8},"end":{"line":371,"column":9}},"type":"if","locations":[{"start":{"line":362,"column":8},"end":{"line":371,"column":9}},{"start":{"line":369,"column":15},"end":{"line":371,"column":9}}],"line":362}},"s":{"0":1,"1":1,"2":1,"3":8,"4":8,"5":8,"6":8,"7":1,"8":1,"9":1,"10":1,"11":1,"12":1,"13":2,"14":1,"15":1,"16":1,"17":1,"18":1,"19":1,"20":1,"21":1,"22":2,"23":2,"24":1,"25":1,"26":1,"27":1,"28":2,"29":2,"30":1,"31":1,"32":1,"33":1,"34":3,"35":3,"36":2,"37":1,"38":1,"39":1,"40":1,"41":1,"42":2,"43":2,"44":1,"45":1,"46":1,"47":1,"48":9,"49":9,"50":9,"51":9,"52":1,"53":1,"54":1,"55":1,"56":1,"57":1,"58":3,"59":2,"60":1,"61":1,"62":2,"63":2,"64":1,"65":1,"66":1,"67":4,"68":4,"69":4,"70":4,"71":2,"72":4,"73":2,"74":4,"75":3,"76":1,"77":1,"78":1,"79":2,"80":2,"81":1,"82":1,"83":1,"84":1,"85":3,"86":3,"87":3,"88":3,"89":2,"90":1,"91":1,"92":1,"93":3,"94":3,"95":3,"96":2,"97":1,"98":1,"99":1,"100":3,"101":3,"102":3,"103":2,"104":1,"105":1,"106":1,"107":3,"108":3,"109":2,"110":2,"111":1,"112":1,"113":1,"114":1,"115":1,"116":1,"117":0,"118":1,"119":0,"120":1,"121":1,"122":1,"123":1,"124":1,"125":2,"126":1,"127":1,"128":1,"129":1,"130":0,"131":0},"f":{"0":8,"1":2,"2":2,"3":3,"4":2,"5":9,"6":4,"7":2,"8":3,"9":3,"10":3,"11":3,"12":1,"13":1,"14":1,"15":2,"16":1},"b":{"0":[1,1,1,1,1,1],"1":[3,3],"2":[1,0],"3":[1,1],"4":[1,1,1,1,1,1],"5":[4,2],"6":[1,1],"7":[2,2],"8":[2,2],"9":[2,1],"10":[0,1],"11":[1,0]},"_coverageSchema":"1a1c01bbd47fc00a2c39e90264f33305004495a9","hash":"2e9093cafd039de7b2aa2101ee017c2f879edb99"}
,"C:\\repo\\cs4218-2420-ecom-project-team40\\helpers\\authHelper.js": {"path":"C:\\repo\\cs4218-2420-ecom-project-team40\\helpers\\authHelper.js","statementMap":{"0":{"start":{"line":3,"column":28},"end":{"line":12,"column":1}},"1":{"start":{"line":4,"column":4},"end":{"line":11,"column":5}},"2":{"start":{"line":5,"column":27},"end":{"line":5,"column":29}},"3":{"start":{"line":6,"column":31},"end":{"line":6,"column":70}},"4":{"start":{"line":7,"column":8},"end":{"line":7,"column":30}},"5":{"start":{"line":10,"column":8},"end":{"line":10,"column":27}},"6":{"start":{"line":14,"column":31},"end":{"line":16,"column":1}},"7":{"start":{"line":15,"column":4},"end":{"line":15,"column":52}}},"fnMap":{"0":{"name":"(anonymous_0)","decl":{"start":{"line":3,"column":28},"end":{"line":3,"column":29}},"loc":{"start":{"line":3,"column":48},"end":{"line":12,"column":1}},"line":3},"1":{"name":"(anonymous_1)","decl":{"start":{"line":14,"column":31},"end":{"line":14,"column":32}},"loc":{"start":{"line":14,"column":66},"end":{"line":16,"column":1}},"line":14}},"branchMap":{},"s":{"0":3,"1":4,"2":4,"3":4,"4":3,"5":1,"6":3,"7":2},"f":{"0":4,"1":2},"b":{},"_coverageSchema":"1a1c01bbd47fc00a2c39e90264f33305004495a9","hash":"02879b964c6f45afe02a3557773565c6f7b5ca84"}
,"C:\\repo\\cs4218-2420-ecom-project-team40\\middlewares\\authMiddleware.js": {"path":"C:\\repo\\cs4218-2420-ecom-project-team40\\middlewares\\authMiddleware.js","statementMap":{"0":{"start":{"line":5,"column":29},"end":{"line":16,"column":1}},"1":{"start":{"line":6,"column":4},"end":{"line":15,"column":5}},"2":{"start":{"line":7,"column":23},"end":{"line":10,"column":9}},"3":{"start":{"line":11,"column":8},"end":{"line":11,"column":26}},"4":{"start":{"line":12,"column":8},"end":{"line":12,"column":15}},"5":{"start":{"line":14,"column":8},"end":{"line":14,"column":27}},"6":{"start":{"line":19,"column":23},"end":{"line":38,"column":1}},"7":{"start":{"line":20,"column":4},"end":{"line":37,"column":5}},"8":{"start":{"line":21,"column":21},"end":{"line":21,"column":59}},"9":{"start":{"line":22,"column":8},"end":{"line":29,"column":9}},"10":{"start":{"line":23,"column":12},"end":{"line":26,"column":15}},"11":{"start":{"line":28,"column":12},"end":{"line":28,"column":19}},"12":{"start":{"line":31,"column":8},"end":{"line":31,"column":27}},"13":{"start":{"line":32,"column":8},"end":{"line":36,"column":11}}},"fnMap":{"0":{"name":"(anonymous_0)","decl":{"start":{"line":5,"column":29},"end":{"line":5,"column":30}},"loc":{"start":{"line":5,"column":55},"end":{"line":16,"column":1}},"line":5},"1":{"name":"(anonymous_1)","decl":{"start":{"line":19,"column":23},"end":{"line":19,"column":24}},"loc":{"start":{"line":19,"column":49},"end":{"line":38,"column":1}},"line":19}},"branchMap":{"0":{"loc":{"start":{"line":22,"column":8},"end":{"line":29,"column":9}},"type":"if","locations":[{"start":{"line":22,"column":8},"end":{"line":29,"column":9}},{"start":{"line":27,"column":15},"end":{"line":29,"column":9}}],"line":22}},"s":{"0":1,"1":2,"2":2,"3":1,"4":1,"5":1,"6":1,"7":3,"8":3,"9":2,"10":1,"11":1,"12":1,"13":1},"f":{"0":2,"1":3},"b":{"0":[1,1]},"_coverageSchema":"1a1c01bbd47fc00a2c39e90264f33305004495a9","hash":"b01fc639611e306dd463e1c059395e499e4b7d54"}
}
