{"/mnt/c/Users/lywic/Documents/GitHub/cs4218-2420-ecom-project-team40/client/src/components/AdminMenu.js": {"path":"/mnt/c/Users/lywic/Documents/GitHub/cs4218-2420-ecom-project-team40/client/src/components/AdminMenu.js","statementMap":{"0":{"start":{"line":3,"column":18},"end":{"line":43,"column":1}},"1":{"start":{"line":4,"column":2},"end":{"line":42,"column":4}}},"fnMap":{"0":{"name":"(anonymous_0)","decl":{"start":{"line":3,"column":18},"end":{"line":3,"column":19}},"loc":{"start":{"line":3,"column":24},"end":{"line":43,"column":1}},"line":3}},"branchMap":{},"s":{"0":7,"1":72},"f":{"0":72},"b":{},"_coverageSchema":"1a1c01bbd47fc00a2c39e90264f33305004495a9","hash":"1186cdddea72302ce1e08aa54d67a05ca7994362"}
,"/mnt/c/Users/lywic/Documents/GitHub/cs4218-2420-ecom-project-team40/client/src/components/Footer.js": {"path":"/mnt/c/Users/lywic/Documents/GitHub/cs4218-2420-ecom-project-team40/client/src/components/Footer.js","statementMap":{"0":{"start":{"line":4,"column":15},"end":{"line":14,"column":1}},"1":{"start":{"line":5,"column":2},"end":{"line":13,"column":4}}},"fnMap":{"0":{"name":"(anonymous_0)","decl":{"start":{"line":4,"column":15},"end":{"line":4,"column":16}},"loc":{"start":{"line":4,"column":21},"end":{"line":14,"column":1}},"line":4}},"branchMap":{},"s":{"0":11,"1":178},"f":{"0":178},"b":{},"_coverageSchema":"1a1c01bbd47fc00a2c39e90264f33305004495a9","hash":"8e5253db286dbc4ea7b2a35b7b5a8f51c8fe4cc9"}
,"/mnt/c/Users/lywic/Documents/GitHub/cs4218-2420-ecom-project-team40/client/src/components/Header.js": {"path":"/mnt/c/Users/lywic/Documents/GitHub/cs4218-2420-ecom-project-team40/client/src/components/Header.js","statementMap":{"0":{"start":{"line":10,"column":15},"end":{"line":138,"column":1}},"1":{"start":{"line":11,"column":26},"end":{"line":11,"column":35}},"2":{"start":{"line":12,"column":17},"end":{"line":12,"column":26}},"3":{"start":{"line":13,"column":21},"end":{"line":13,"column":34}},"4":{"start":{"line":14,"column":23},"end":{"line":22,"column":3}},"5":{"start":{"line":15,"column":4},"end":{"line":19,"column":7}},"6":{"start":{"line":20,"column":4},"end":{"line":20,"column":36}},"7":{"start":{"line":21,"column":4},"end":{"line":21,"column":41}},"8":{"start":{"line":23,"column":2},"end":{"line":137,"column":4}},"9":{"start":{"line":64,"column":20},"end":{"line":71,"column":25}}},"fnMap":{"0":{"name":"(anonymous_0)","decl":{"start":{"line":10,"column":15},"end":{"line":10,"column":16}},"loc":{"start":{"line":10,"column":21},"end":{"line":138,"column":1}},"line":10},"1":{"name":"(anonymous_1)","decl":{"start":{"line":14,"column":23},"end":{"line":14,"column":24}},"loc":{"start":{"line":14,"column":29},"end":{"line":22,"column":3}},"line":14},"2":{"name":"(anonymous_2)","decl":{"start":{"line":63,"column":35},"end":{"line":63,"column":36}},"loc":{"start":{"line":64,"column":20},"end":{"line":71,"column":25}},"line":64}},"branchMap":{"0":{"loc":{"start":{"line":76,"column":15},"end":{"line":124,"column":15}},"type":"cond-expr","locations":[{"start":{"line":77,"column":16},"end":{"line":88,"column":19}},{"start":{"line":90,"column":16},"end":{"line":123,"column":19}}],"line":76},"1":{"loc":{"start":{"line":105,"column":28},"end":{"line":105,"column":69}},"type":"cond-expr","locations":[{"start":{"line":105,"column":53},"end":{"line":105,"column":60}},{"start":{"line":105,"column":63},"end":{"line":105,"column":69}}],"line":105}},"s":{"0":11,"1":183,"2":183,"3":183,"4":183,"5":1,"6":1,"7":1,"8":183,"9":10},"f":{"0":183,"1":1,"2":10},"b":{"0":[128,55],"1":[1,54]},"_coverageSchema":"1a1c01bbd47fc00a2c39e90264f33305004495a9","hash":"d7abb41b068dcdadd68bc176ee5e1c51879b9d82"}
,"/mnt/c/Users/lywic/Documents/GitHub/cs4218-2420-ecom-project-team40/client/src/components/Layout.js": {"path":"/mnt/c/Users/lywic/Documents/GitHub/cs4218-2420-ecom-project-team40/client/src/components/Layout.js","statementMap":{"0":{"start":{"line":7,"column":15},"end":{"line":25,"column":1}},"1":{"start":{"line":8,"column":2},"end":{"line":24,"column":4}},"2":{"start":{"line":27,"column":0},"end":{"line":32,"column":2}}},"fnMap":{"0":{"name":"(anonymous_0)","decl":{"start":{"line":7,"column":15},"end":{"line":7,"column":16}},"loc":{"start":{"line":7,"column":71},"end":{"line":25,"column":1}},"line":7}},"branchMap":{},"s":{"0":10,"1":177,"2":10},"f":{"0":177},"b":{},"_coverageSchema":"1a1c01bbd47fc00a2c39e90264f33305004495a9","hash":"3fb78484acacb06efe3f7e9a918f713d026e0b38"}
,"/mnt/c/Users/lywic/Documents/GitHub/cs4218-2420-ecom-project-team40/client/src/components/UserMenu.js": {"path":"/mnt/c/Users/lywic/Documents/GitHub/cs4218-2420-ecom-project-team40/client/src/components/UserMenu.js","statementMap":{"0":{"start":{"line":3,"column":17},"end":{"line":25,"column":1}},"1":{"start":{"line":4,"column":2},"end":{"line":24,"column":4}}},"fnMap":{"0":{"name":"(anonymous_0)","decl":{"start":{"line":3,"column":17},"end":{"line":3,"column":18}},"loc":{"start":{"line":3,"column":23},"end":{"line":25,"column":1}},"line":3}},"branchMap":{},"s":{"0":4,"1":44},"f":{"0":44},"b":{},"_coverageSchema":"1a1c01bbd47fc00a2c39e90264f33305004495a9","hash":"ea07c9562c0861a9ef4916824e7d8da8f4fd8d29"}
,"/mnt/c/Users/lywic/Documents/GitHub/cs4218-2420-ecom-project-team40/client/src/components/Form/SearchInput.js": {"path":"/mnt/c/Users/lywic/Documents/GitHub/cs4218-2420-ecom-project-team40/client/src/components/Form/SearchInput.js","statementMap":{"0":{"start":{"line":5,"column":20},"end":{"line":38,"column":1}},"1":{"start":{"line":6,"column":30},"end":{"line":6,"column":41}},"2":{"start":{"line":7,"column":19},"end":{"line":7,"column":32}},"3":{"start":{"line":9,"column":23},"end":{"line":20,"column":3}},"4":{"start":{"line":10,"column":4},"end":{"line":10,"column":23}},"5":{"start":{"line":11,"column":4},"end":{"line":19,"column":5}},"6":{"start":{"line":12,"column":23},"end":{"line":14,"column":7}},"7":{"start":{"line":15,"column":6},"end":{"line":15,"column":46}},"8":{"start":{"line":16,"column":6},"end":{"line":16,"column":26}},"9":{"start":{"line":18,"column":6},"end":{"line":18,"column":25}},"10":{"start":{"line":21,"column":2},"end":{"line":37,"column":4}},"11":{"start":{"line":30,"column":27},"end":{"line":30,"column":76}}},"fnMap":{"0":{"name":"(anonymous_0)","decl":{"start":{"line":5,"column":20},"end":{"line":5,"column":21}},"loc":{"start":{"line":5,"column":26},"end":{"line":38,"column":1}},"line":5},"1":{"name":"(anonymous_1)","decl":{"start":{"line":9,"column":23},"end":{"line":9,"column":24}},"loc":{"start":{"line":9,"column":36},"end":{"line":20,"column":3}},"line":9},"2":{"name":"(anonymous_2)","decl":{"start":{"line":30,"column":20},"end":{"line":30,"column":21}},"loc":{"start":{"line":30,"column":27},"end":{"line":30,"column":76}},"line":30}},"branchMap":{},"s":{"0":12,"1":188,"2":188,"3":188,"4":2,"5":2,"6":2,"7":1,"8":1,"9":1,"10":188,"11":1},"f":{"0":188,"1":2,"2":1},"b":{},"_coverageSchema":"1a1c01bbd47fc00a2c39e90264f33305004495a9","hash":"e91f6218f068b58c7526f3acd13107b3d9e3b265"}
,"/mnt/c/Users/lywic/Documents/GitHub/cs4218-2420-ecom-project-team40/client/src/components/Routes/Private.js": {"path":"/mnt/c/Users/lywic/Documents/GitHub/cs4218-2420-ecom-project-team40/client/src/components/Routes/Private.js","statementMap":{"0":{"start":{"line":9,"column":21},"end":{"line":9,"column":36}},"1":{"start":{"line":10,"column":25},"end":{"line":10,"column":34}},"2":{"start":{"line":12,"column":2},"end":{"line":27,"column":20}},"3":{"start":{"line":13,"column":22},"end":{"line":25,"column":5}},"4":{"start":{"line":14,"column":6},"end":{"line":24,"column":7}},"5":{"start":{"line":15,"column":20},"end":{"line":15,"column":61}},"6":{"start":{"line":16,"column":8},"end":{"line":20,"column":9}},"7":{"start":{"line":17,"column":10},"end":{"line":17,"column":22}},"8":{"start":{"line":19,"column":10},"end":{"line":19,"column":23}},"9":{"start":{"line":22,"column":8},"end":{"line":22,"column":21}},"10":{"start":{"line":23,"column":8},"end":{"line":23,"column":27}},"11":{"start":{"line":26,"column":4},"end":{"line":26,"column":33}},"12":{"start":{"line":26,"column":21},"end":{"line":26,"column":33}},"13":{"start":{"line":29,"column":2},"end":{"line":29,"column":38}}},"fnMap":{"0":{"name":"PrivateRoute","decl":{"start":{"line":8,"column":24},"end":{"line":8,"column":36}},"loc":{"start":{"line":8,"column":38},"end":{"line":30,"column":1}},"line":8},"1":{"name":"(anonymous_1)","decl":{"start":{"line":12,"column":12},"end":{"line":12,"column":13}},"loc":{"start":{"line":12,"column":17},"end":{"line":27,"column":3}},"line":12},"2":{"name":"(anonymous_2)","decl":{"start":{"line":13,"column":22},"end":{"line":13,"column":23}},"loc":{"start":{"line":13,"column":33},"end":{"line":25,"column":5}},"line":13}},"branchMap":{"0":{"loc":{"start":{"line":16,"column":8},"end":{"line":20,"column":9}},"type":"if","locations":[{"start":{"line":16,"column":8},"end":{"line":20,"column":9}},{"start":{"line":18,"column":15},"end":{"line":20,"column":9}}],"line":16},"1":{"loc":{"start":{"line":26,"column":4},"end":{"line":26,"column":33}},"type":"if","locations":[{"start":{"line":26,"column":4},"end":{"line":26,"column":33}},{"start":{},"end":{}}],"line":26},"2":{"loc":{"start":{"line":29,"column":9},"end":{"line":29,"column":37}},"type":"cond-expr","locations":[{"start":{"line":29,"column":14},"end":{"line":29,"column":24}},{"start":{"line":29,"column":27},"end":{"line":29,"column":37}}],"line":29}},"s":{"0":6,"1":6,"2":6,"3":5,"4":4,"5":4,"6":4,"7":1,"8":1,"9":2,"10":2,"11":5,"12":4,"13":6},"f":{"0":6,"1":5,"2":4},"b":{"0":[1,1],"1":[4,1],"2":[1,5]},"_coverageSchema":"1a1c01bbd47fc00a2c39e90264f33305004495a9","hash":"0813fe0c1c136f0fde7b0bf5721946ac667bfece"}
,"/mnt/c/Users/lywic/Documents/GitHub/cs4218-2420-ecom-project-team40/client/src/context/auth.js": {"path":"/mnt/c/Users/lywic/Documents/GitHub/cs4218-2420-ecom-project-team40/client/src/context/auth.js","statementMap":{"0":{"start":{"line":4,"column":20},"end":{"line":4,"column":35}},"1":{"start":{"line":6,"column":21},"end":{"line":32,"column":1}},"2":{"start":{"line":7,"column":28},"end":{"line":10,"column":6}},"3":{"start":{"line":13,"column":4},"end":{"line":13,"column":65}},"4":{"start":{"line":15,"column":4},"end":{"line":26,"column":11}},"5":{"start":{"line":16,"column":20},"end":{"line":16,"column":48}},"6":{"start":{"line":17,"column":7},"end":{"line":24,"column":8}},"7":{"start":{"line":18,"column":26},"end":{"line":18,"column":42}},"8":{"start":{"line":19,"column":8},"end":{"line":23,"column":11}},"9":{"start":{"line":27,"column":4},"end":{"line":31,"column":6}},"10":{"start":{"line":35,"column":16},"end":{"line":35,"column":45}},"11":{"start":{"line":35,"column":22},"end":{"line":35,"column":45}}},"fnMap":{"0":{"name":"(anonymous_0)","decl":{"start":{"line":6,"column":21},"end":{"line":6,"column":22}},"loc":{"start":{"line":6,"column":39},"end":{"line":32,"column":1}},"line":6},"1":{"name":"(anonymous_1)","decl":{"start":{"line":15,"column":14},"end":{"line":15,"column":15}},"loc":{"start":{"line":15,"column":20},"end":{"line":26,"column":5}},"line":15},"2":{"name":"(anonymous_2)","decl":{"start":{"line":35,"column":16},"end":{"line":35,"column":17}},"loc":{"start":{"line":35,"column":22},"end":{"line":35,"column":45}},"line":35}},"branchMap":{"0":{"loc":{"start":{"line":17,"column":7},"end":{"line":24,"column":8}},"type":"if","locations":[{"start":{"line":17,"column":7},"end":{"line":24,"column":8}},{"start":{},"end":{}}],"line":17}},"s":{"0":1,"1":1,"2":3,"3":3,"4":3,"5":2,"6":2,"7":1,"8":1,"9":3,"10":1,"11":3},"f":{"0":3,"1":2,"2":3},"b":{"0":[1,1]},"_coverageSchema":"1a1c01bbd47fc00a2c39e90264f33305004495a9","hash":"abdb945d5ef0dc2f14830b6063fde2051fd95ba5"}
,"/mnt/c/Users/lywic/Documents/GitHub/cs4218-2420-ecom-project-team40/client/src/context/cart.js": {"path":"/mnt/c/Users/lywic/Documents/GitHub/cs4218-2420-ecom-project-team40/client/src/context/cart.js","statementMap":{"0":{"start":{"line":3,"column":20},"end":{"line":3,"column":35}},"1":{"start":{"line":4,"column":21},"end":{"line":17,"column":1}},"2":{"start":{"line":5,"column":26},"end":{"line":5,"column":38}},"3":{"start":{"line":7,"column":2},"end":{"line":10,"column":9}},"4":{"start":{"line":8,"column":27},"end":{"line":8,"column":55}},"5":{"start":{"line":9,"column":4},"end":{"line":9,"column":64}},"6":{"start":{"line":9,"column":26},"end":{"line":9,"column":64}},"7":{"start":{"line":12,"column":2},"end":{"line":16,"column":4}},"8":{"start":{"line":20,"column":16},"end":{"line":20,"column":45}},"9":{"start":{"line":20,"column":22},"end":{"line":20,"column":45}}},"fnMap":{"0":{"name":"(anonymous_0)","decl":{"start":{"line":4,"column":21},"end":{"line":4,"column":22}},"loc":{"start":{"line":4,"column":39},"end":{"line":17,"column":1}},"line":4},"1":{"name":"(anonymous_1)","decl":{"start":{"line":7,"column":12},"end":{"line":7,"column":13}},"loc":{"start":{"line":7,"column":18},"end":{"line":10,"column":3}},"line":7},"2":{"name":"(anonymous_2)","decl":{"start":{"line":20,"column":16},"end":{"line":20,"column":17}},"loc":{"start":{"line":20,"column":22},"end":{"line":20,"column":45}},"line":20}},"branchMap":{"0":{"loc":{"start":{"line":9,"column":4},"end":{"line":9,"column":64}},"type":"if","locations":[{"start":{"line":9,"column":4},"end":{"line":9,"column":64}},{"start":{},"end":{}}],"line":9}},"s":{"0":3,"1":3,"2":6,"3":6,"4":3,"5":3,"6":2,"7":6,"8":3,"9":23},"f":{"0":6,"1":3,"2":23},"b":{"0":[2,1]},"_coverageSchema":"1a1c01bbd47fc00a2c39e90264f33305004495a9","hash":"c309979170d66c44e550bdc7be8a7bfe10ae4c55"}
,"/mnt/c/Users/lywic/Documents/GitHub/cs4218-2420-ecom-project-team40/client/src/context/search.js": {"path":"/mnt/c/Users/lywic/Documents/GitHub/cs4218-2420-ecom-project-team40/client/src/context/search.js","statementMap":{"0":{"start":{"line":3,"column":22},"end":{"line":3,"column":37}},"1":{"start":{"line":4,"column":23},"end":{"line":15,"column":1}},"2":{"start":{"line":5,"column":26},"end":{"line":8,"column":4}},"3":{"start":{"line":10,"column":2},"end":{"line":14,"column":4}},"4":{"start":{"line":18,"column":18},"end":{"line":18,"column":49}},"5":{"start":{"line":18,"column":24},"end":{"line":18,"column":49}}},"fnMap":{"0":{"name":"(anonymous_0)","decl":{"start":{"line":4,"column":23},"end":{"line":4,"column":24}},"loc":{"start":{"line":4,"column":41},"end":{"line":15,"column":1}},"line":4},"1":{"name":"(anonymous_1)","decl":{"start":{"line":18,"column":18},"end":{"line":18,"column":19}},"loc":{"start":{"line":18,"column":24},"end":{"line":18,"column":49}},"line":18}},"branchMap":{},"s":{"0":3,"1":3,"2":5,"3":5,"4":3,"5":5},"f":{"0":5,"1":5},"b":{},"_coverageSchema":"1a1c01bbd47fc00a2c39e90264f33305004495a9","hash":"f847408b101f334d319a4c2a97ffa995372bcbcd"}
,"/mnt/c/Users/lywic/Documents/GitHub/cs4218-2420-ecom-project-team40/client/src/pages/CartPage.js": {"path":"/mnt/c/Users/lywic/Documents/GitHub/cs4218-2420-ecom-project-team40/client/src/pages/CartPage.js","statementMap":{"0":{"start":{"line":12,"column":17},"end":{"line":202,"column":1}},"1":{"start":{"line":13,"column":26},"end":{"line":13,"column":35}},"2":{"start":{"line":14,"column":26},"end":{"line":14,"column":35}},"3":{"start":{"line":15,"column":40},"end":{"line":15,"column":52}},"4":{"start":{"line":16,"column":34},"end":{"line":16,"column":46}},"5":{"start":{"line":17,"column":32},"end":{"line":17,"column":47}},"6":{"start":{"line":18,"column":19},"end":{"line":18,"column":32}},"7":{"start":{"line":21,"column":21},"end":{"line":30,"column":3}},"8":{"start":{"line":22,"column":16},"end":{"line":22,"column":17}},"9":{"start":{"line":23,"column":4},"end":{"line":25,"column":7}},"10":{"start":{"line":24,"column":6},"end":{"line":24,"column":33}},"11":{"start":{"line":26,"column":4},"end":{"line":29,"column":7}},"12":{"start":{"line":32,"column":25},"end":{"line":42,"column":3}},"13":{"start":{"line":33,"column":4},"end":{"line":41,"column":5}},"14":{"start":{"line":34,"column":19},"end":{"line":34,"column":28}},"15":{"start":{"line":35,"column":18},"end":{"line":35,"column":78}},"16":{"start":{"line":35,"column":45},"end":{"line":35,"column":77}},"17":{"start":{"line":36,"column":6},"end":{"line":36,"column":30}},"18":{"start":{"line":37,"column":6},"end":{"line":37,"column":22}},"19":{"start":{"line":38,"column":6},"end":{"line":38,"column":59}},"20":{"start":{"line":40,"column":6},"end":{"line":40,"column":25}},"21":{"start":{"line":45,"column":19},"end":{"line":56,"column":3}},"22":{"start":{"line":46,"column":4},"end":{"line":55,"column":5}},"23":{"start":{"line":47,"column":18},"end":{"line":47,"column":68}},"24":{"start":{"line":48,"column":6},"end":{"line":52,"column":7}},"25":{"start":{"line":49,"column":8},"end":{"line":49,"column":45}},"26":{"start":{"line":51,"column":8},"end":{"line":51,"column":72}},"27":{"start":{"line":54,"column":6},"end":{"line":54,"column":25}},"28":{"start":{"line":57,"column":2},"end":{"line":59,"column":20}},"29":{"start":{"line":58,"column":4},"end":{"line":58,"column":15}},"30":{"start":{"line":62,"column":24},"end":{"line":79,"column":3}},"31":{"start":{"line":63,"column":4},"end":{"line":78,"column":5}},"32":{"start":{"line":64,"column":6},"end":{"line":64,"column":23}},"33":{"start":{"line":65,"column":24},"end":{"line":65,"column":61}},"34":{"start":{"line":66,"column":23},"end":{"line":69,"column":8}},"35":{"start":{"line":70,"column":6},"end":{"line":70,"column":24}},"36":{"start":{"line":71,"column":6},"end":{"line":71,"column":38}},"37":{"start":{"line":72,"column":6},"end":{"line":72,"column":18}},"38":{"start":{"line":73,"column":6},"end":{"line":73,"column":41}},"39":{"start":{"line":74,"column":6},"end":{"line":74,"column":54}},"40":{"start":{"line":76,"column":6},"end":{"line":76,"column":25}},"41":{"start":{"line":77,"column":6},"end":{"line":77,"column":24}},"42":{"start":{"line":80,"column":2},"end":{"line":201,"column":4}},"43":{"start":{"line":103,"column":16},"end":{"line":126,"column":22}},"44":{"start":{"line":121,"column":37},"end":{"line":121,"column":66}},"45":{"start":{"line":141,"column":37},"end":{"line":141,"column":72}},"46":{"start":{"line":152,"column":37},"end":{"line":152,"column":72}},"47":{"start":{"line":160,"column":24},"end":{"line":162,"column":26}},"48":{"start":{"line":183,"column":48},"end":{"line":183,"column":69}}},"fnMap":{"0":{"name":"(anonymous_0)","decl":{"start":{"line":12,"column":17},"end":{"line":12,"column":18}},"loc":{"start":{"line":12,"column":23},"end":{"line":202,"column":1}},"line":12},"1":{"name":"(anonymous_1)","decl":{"start":{"line":21,"column":21},"end":{"line":21,"column":22}},"loc":{"start":{"line":21,"column":27},"end":{"line":30,"column":3}},"line":21},"2":{"name":"(anonymous_2)","decl":{"start":{"line":23,"column":18},"end":{"line":23,"column":19}},"loc":{"start":{"line":23,"column":28},"end":{"line":25,"column":5}},"line":23},"3":{"name":"(anonymous_3)","decl":{"start":{"line":32,"column":25},"end":{"line":32,"column":26}},"loc":{"start":{"line":32,"column":42},"end":{"line":42,"column":3}},"line":32},"4":{"name":"(anonymous_4)","decl":{"start":{"line":35,"column":35},"end":{"line":35,"column":36}},"loc":{"start":{"line":35,"column":45},"end":{"line":35,"column":77}},"line":35},"5":{"name":"(anonymous_5)","decl":{"start":{"line":45,"column":19},"end":{"line":45,"column":20}},"loc":{"start":{"line":45,"column":31},"end":{"line":56,"column":3}},"line":45},"6":{"name":"(anonymous_6)","decl":{"start":{"line":57,"column":12},"end":{"line":57,"column":13}},"loc":{"start":{"line":57,"column":18},"end":{"line":59,"column":3}},"line":57},"7":{"name":"(anonymous_7)","decl":{"start":{"line":62,"column":24},"end":{"line":62,"column":25}},"loc":{"start":{"line":62,"column":36},"end":{"line":79,"column":3}},"line":62},"8":{"name":"(anonymous_8)","decl":{"start":{"line":102,"column":25},"end":{"line":102,"column":26}},"loc":{"start":{"line":103,"column":16},"end":{"line":126,"column":22}},"line":103},"9":{"name":"(anonymous_9)","decl":{"start":{"line":121,"column":31},"end":{"line":121,"column":32}},"loc":{"start":{"line":121,"column":37},"end":{"line":121,"column":66}},"line":121},"10":{"name":"(anonymous_10)","decl":{"start":{"line":141,"column":31},"end":{"line":141,"column":32}},"loc":{"start":{"line":141,"column":37},"end":{"line":141,"column":72}},"line":141},"11":{"name":"(anonymous_11)","decl":{"start":{"line":152,"column":31},"end":{"line":152,"column":32}},"loc":{"start":{"line":152,"column":37},"end":{"line":152,"column":72}},"line":152},"12":{"name":"(anonymous_12)","decl":{"start":{"line":159,"column":31},"end":{"line":159,"column":32}},"loc":{"start":{"line":160,"column":24},"end":{"line":162,"column":26}},"line":160},"13":{"name":"(anonymous_13)","decl":{"start":{"line":183,"column":34},"end":{"line":183,"column":35}},"loc":{"start":{"line":183,"column":48},"end":{"line":183,"column":69}},"line":183}},"branchMap":{"0":{"loc":{"start":{"line":48,"column":6},"end":{"line":52,"column":7}},"type":"if","locations":[{"start":{"line":48,"column":6},"end":{"line":52,"column":7}},{"start":{"line":50,"column":13},"end":{"line":52,"column":7}}],"line":48},"1":{"loc":{"start":{"line":48,"column":10},"end":{"line":48,"column":49}},"type":"binary-expr","locations":[{"start":{"line":48,"column":10},"end":{"line":48,"column":13}},{"start":{"line":48,"column":17},"end":{"line":48,"column":25}},{"start":{"line":48,"column":29},"end":{"line":48,"column":49}}],"line":48},"2":{"loc":{"start":{"line":86,"column":15},"end":{"line":88,"column":61}},"type":"cond-expr","locations":[{"start":{"line":87,"column":18},"end":{"line":87,"column":31}},{"start":{"line":88,"column":18},"end":{"line":88,"column":61}}],"line":86},"3":{"loc":{"start":{"line":88,"column":28},"end":{"line":88,"column":59}},"type":"binary-expr","locations":[{"start":{"line":88,"column":28},"end":{"line":88,"column":39}},{"start":{"line":88,"column":43},"end":{"line":88,"column":59}}],"line":88},"4":{"loc":{"start":{"line":90,"column":17},"end":{"line":94,"column":41}},"type":"cond-expr","locations":[{"start":{"line":91,"column":20},"end":{"line":93,"column":22}},{"start":{"line":94,"column":20},"end":{"line":94,"column":41}}],"line":90},"5":{"loc":{"start":{"line":92,"column":22},"end":{"line":92,"column":68}},"type":"cond-expr","locations":[{"start":{"line":92,"column":36},"end":{"line":92,"column":38}},{"start":{"line":92,"column":41},"end":{"line":92,"column":68}}],"line":92},"6":{"loc":{"start":{"line":134,"column":15},"end":{"line":169,"column":15}},"type":"cond-expr","locations":[{"start":{"line":135,"column":16},"end":{"line":146,"column":19}},{"start":{"line":148,"column":16},"end":{"line":168,"column":22}}],"line":134},"7":{"loc":{"start":{"line":149,"column":19},"end":{"line":167,"column":19}},"type":"cond-expr","locations":[{"start":{"line":150,"column":20},"end":{"line":155,"column":29}},{"start":{"line":157,"column":20},"end":{"line":166,"column":29}}],"line":149},"8":{"loc":{"start":{"line":171,"column":17},"end":{"line":194,"column":17}},"type":"cond-expr","locations":[{"start":{"line":172,"column":18},"end":{"line":172,"column":20}},{"start":{"line":174,"column":18},"end":{"line":193,"column":21}}],"line":171},"9":{"loc":{"start":{"line":171,"column":17},"end":{"line":171,"column":62}},"type":"binary-expr","locations":[{"start":{"line":171,"column":17},"end":{"line":171,"column":29}},{"start":{"line":171,"column":33},"end":{"line":171,"column":45}},{"start":{"line":171,"column":49},"end":{"line":171,"column":62}}],"line":171},"10":{"loc":{"start":{"line":189,"column":32},"end":{"line":189,"column":76}},"type":"binary-expr","locations":[{"start":{"line":189,"column":32},"end":{"line":189,"column":39}},{"start":{"line":189,"column":43},"end":{"line":189,"column":52}},{"start":{"line":189,"column":56},"end":{"line":189,"column":76}}],"line":189},"11":{"loc":{"start":{"line":191,"column":23},"end":{"line":191,"column":67}},"type":"cond-expr","locations":[{"start":{"line":191,"column":33},"end":{"line":191,"column":50}},{"start":{"line":191,"column":53},"end":{"line":191,"column":67}}],"line":191}},"s":{"0":1,"1":26,"2":26,"3":26,"4":25,"5":25,"6":25,"7":25,"8":25,"9":25,"10":38,"11":25,"12":25,"13":2,"14":2,"15":2,"16":2,"17":2,"18":2,"19":1,"20":1,"21":25,"22":15,"23":15,"24":14,"25":5,"26":9,"27":1,"28":25,"29":15,"30":25,"31":2,"32":2,"33":2,"34":2,"35":1,"36":1,"37":1,"38":1,"39":1,"40":1,"41":1,"42":25,"43":38,"44":2,"45":1,"46":1,"47":1,"48":2},"f":{"0":26,"1":25,"2":38,"3":2,"4":2,"5":15,"6":15,"7":2,"8":38,"9":2,"10":1,"11":1,"12":1,"13":2},"b":{"0":[5,9],"1":[14,5,5],"2":[6,19],"3":[19,19],"4":[19,6],"5":[16,3],"6":[18,7],"7":[1,6],"8":[17,8],"9":[25,10,9],"10":[8,6,4],"11":[2,6]},"_coverageSchema":"1a1c01bbd47fc00a2c39e90264f33305004495a9","hash":"c4f66dc49c40c0166a73b3f816ac1742797a18f1"}
,"/mnt/c/Users/lywic/Documents/GitHub/cs4218-2420-ecom-project-team40/client/src/pages/Contact.js": {"path":"/mnt/c/Users/lywic/Documents/GitHub/cs4218-2420-ecom-project-team40/client/src/pages/Contact.js","statementMap":{"0":{"start":{"line":4,"column":16},"end":{"line":34,"column":1}},"1":{"start":{"line":5,"column":2},"end":{"line":33,"column":4}}},"fnMap":{"0":{"name":"(anonymous_0)","decl":{"start":{"line":4,"column":16},"end":{"line":4,"column":17}},"loc":{"start":{"line":4,"column":22},"end":{"line":34,"column":1}},"line":4}},"branchMap":{},"s":{"0":1,"1":1},"f":{"0":1},"b":{},"_coverageSchema":"1a1c01bbd47fc00a2c39e90264f33305004495a9","hash":"76f7d74503781e309959fbacd13e58138a490851"}
,"/mnt/c/Users/lywic/Documents/GitHub/cs4218-2420-ecom-project-team40/client/src/pages/HomePage.js": {"path":"/mnt/c/Users/lywic/Documents/GitHub/cs4218-2420-ecom-project-team40/client/src/pages/HomePage.js","statementMap":{"0":{"start":{"line":12,"column":17},"end":{"line":241,"column":1}},"1":{"start":{"line":13,"column":19},"end":{"line":13,"column":32}},"2":{"start":{"line":14,"column":26},"end":{"line":14,"column":35}},"3":{"start":{"line":15,"column":34},"end":{"line":15,"column":46}},"4":{"start":{"line":16,"column":38},"end":{"line":16,"column":50}},"5":{"start":{"line":17,"column":32},"end":{"line":17,"column":44}},"6":{"start":{"line":18,"column":28},"end":{"line":18,"column":40}},"7":{"start":{"line":19,"column":28},"end":{"line":19,"column":39}},"8":{"start":{"line":20,"column":26},"end":{"line":20,"column":37}},"9":{"start":{"line":21,"column":32},"end":{"line":21,"column":47}},"10":{"start":{"line":24,"column":25},"end":{"line":33,"column":3}},"11":{"start":{"line":25,"column":4},"end":{"line":32,"column":5}},"12":{"start":{"line":26,"column":23},"end":{"line":26,"column":71}},"13":{"start":{"line":27,"column":6},"end":{"line":29,"column":7}},"14":{"start":{"line":28,"column":8},"end":{"line":28,"column":38}},"15":{"start":{"line":31,"column":6},"end":{"line":31,"column":25}},"16":{"start":{"line":35,"column":2},"end":{"line":38,"column":9}},"17":{"start":{"line":36,"column":4},"end":{"line":36,"column":21}},"18":{"start":{"line":37,"column":4},"end":{"line":37,"column":15}},"19":{"start":{"line":40,"column":25},"end":{"line":50,"column":3}},"20":{"start":{"line":41,"column":4},"end":{"line":49,"column":5}},"21":{"start":{"line":42,"column":6},"end":{"line":42,"column":23}},"22":{"start":{"line":43,"column":23},"end":{"line":43,"column":78}},"23":{"start":{"line":44,"column":6},"end":{"line":44,"column":24}},"24":{"start":{"line":45,"column":6},"end":{"line":45,"column":33}},"25":{"start":{"line":47,"column":6},"end":{"line":47,"column":24}},"26":{"start":{"line":48,"column":6},"end":{"line":48,"column":25}},"27":{"start":{"line":53,"column":19},"end":{"line":60,"column":3}},"28":{"start":{"line":54,"column":4},"end":{"line":59,"column":5}},"29":{"start":{"line":55,"column":23},"end":{"line":55,"column":71}},"30":{"start":{"line":56,"column":6},"end":{"line":56,"column":28}},"31":{"start":{"line":58,"column":6},"end":{"line":58,"column":25}},"32":{"start":{"line":62,"column":2},"end":{"line":65,"column":13}},"33":{"start":{"line":63,"column":4},"end":{"line":63,"column":27}},"34":{"start":{"line":63,"column":20},"end":{"line":63,"column":27}},"35":{"start":{"line":64,"column":4},"end":{"line":64,"column":15}},"36":{"start":{"line":67,"column":19},"end":{"line":77,"column":3}},"37":{"start":{"line":68,"column":4},"end":{"line":76,"column":5}},"38":{"start":{"line":69,"column":6},"end":{"line":69,"column":23}},"39":{"start":{"line":70,"column":23},"end":{"line":70,"column":78}},"40":{"start":{"line":71,"column":6},"end":{"line":71,"column":24}},"41":{"start":{"line":72,"column":6},"end":{"line":72,"column":52}},"42":{"start":{"line":74,"column":6},"end":{"line":74,"column":25}},"43":{"start":{"line":75,"column":6},"end":{"line":75,"column":24}},"44":{"start":{"line":80,"column":23},"end":{"line":88,"column":3}},"45":{"start":{"line":81,"column":14},"end":{"line":81,"column":26}},"46":{"start":{"line":82,"column":4},"end":{"line":86,"column":5}},"47":{"start":{"line":83,"column":6},"end":{"line":83,"column":19}},"48":{"start":{"line":85,"column":6},"end":{"line":85,"column":40}},"49":{"start":{"line":85,"column":30},"end":{"line":85,"column":38}},"50":{"start":{"line":87,"column":4},"end":{"line":87,"column":20}},"51":{"start":{"line":91,"column":2},"end":{"line":97,"column":23}},"52":{"start":{"line":92,"column":4},"end":{"line":96,"column":5}},"53":{"start":{"line":93,"column":6},"end":{"line":93,"column":22}},"54":{"start":{"line":95,"column":6},"end":{"line":95,"column":23}},"55":{"start":{"line":100,"column":24},"end":{"line":112,"column":3}},"56":{"start":{"line":101,"column":4},"end":{"line":111,"column":5}},"57":{"start":{"line":102,"column":23},"end":{"line":105,"column":8}},"58":{"start":{"line":106,"column":6},"end":{"line":106,"column":24}},"59":{"start":{"line":107,"column":6},"end":{"line":107,"column":34}},"60":{"start":{"line":108,"column":6},"end":{"line":108,"column":28}},"61":{"start":{"line":110,"column":6},"end":{"line":110,"column":25}},"62":{"start":{"line":113,"column":2},"end":{"line":240,"column":4}},"63":{"start":{"line":128,"column":14},"end":{"line":133,"column":25}},"64":{"start":{"line":130,"column":33},"end":{"line":130,"column":70}},"65":{"start":{"line":139,"column":42},"end":{"line":139,"column":66}},"66":{"start":{"line":141,"column":16},"end":{"line":143,"column":22}},"67":{"start":{"line":150,"column":29},"end":{"line":150,"column":53}},"68":{"start":{"line":160,"column":14},"end":{"line":213,"column":20}},"69":{"start":{"line":182,"column":37},"end":{"line":182,"column":67}},"70":{"start":{"line":189,"column":24},"end":{"line":195,"column":27}},"71":{"start":{"line":196,"column":24},"end":{"line":205,"column":26}},"72":{"start":{"line":206,"column":24},"end":{"line":206,"column":60}},"73":{"start":{"line":221,"column":18},"end":{"line":221,"column":37}},"74":{"start":{"line":222,"column":18},"end":{"line":222,"column":36}}},"fnMap":{"0":{"name":"(anonymous_0)","decl":{"start":{"line":12,"column":17},"end":{"line":12,"column":18}},"loc":{"start":{"line":12,"column":23},"end":{"line":241,"column":1}},"line":12},"1":{"name":"(anonymous_1)","decl":{"start":{"line":24,"column":25},"end":{"line":24,"column":26}},"loc":{"start":{"line":24,"column":37},"end":{"line":33,"column":3}},"line":24},"2":{"name":"(anonymous_2)","decl":{"start":{"line":35,"column":12},"end":{"line":35,"column":13}},"loc":{"start":{"line":35,"column":18},"end":{"line":38,"column":3}},"line":35},"3":{"name":"(anonymous_3)","decl":{"start":{"line":40,"column":25},"end":{"line":40,"column":26}},"loc":{"start":{"line":40,"column":37},"end":{"line":50,"column":3}},"line":40},"4":{"name":"(anonymous_4)","decl":{"start":{"line":53,"column":19},"end":{"line":53,"column":20}},"loc":{"start":{"line":53,"column":31},"end":{"line":60,"column":3}},"line":53},"5":{"name":"(anonymous_5)","decl":{"start":{"line":62,"column":12},"end":{"line":62,"column":13}},"loc":{"start":{"line":62,"column":18},"end":{"line":65,"column":3}},"line":62},"6":{"name":"(anonymous_6)","decl":{"start":{"line":67,"column":19},"end":{"line":67,"column":20}},"loc":{"start":{"line":67,"column":31},"end":{"line":77,"column":3}},"line":67},"7":{"name":"(anonymous_7)","decl":{"start":{"line":80,"column":23},"end":{"line":80,"column":24}},"loc":{"start":{"line":80,"column":38},"end":{"line":88,"column":3}},"line":80},"8":{"name":"(anonymous_8)","decl":{"start":{"line":85,"column":23},"end":{"line":85,"column":24}},"loc":{"start":{"line":85,"column":30},"end":{"line":85,"column":38}},"line":85},"9":{"name":"(anonymous_9)","decl":{"start":{"line":91,"column":12},"end":{"line":91,"column":13}},"loc":{"start":{"line":91,"column":18},"end":{"line":97,"column":3}},"line":91},"10":{"name":"(anonymous_10)","decl":{"start":{"line":100,"column":24},"end":{"line":100,"column":25}},"loc":{"start":{"line":100,"column":36},"end":{"line":112,"column":3}},"line":100},"11":{"name":"(anonymous_11)","decl":{"start":{"line":127,"column":29},"end":{"line":127,"column":30}},"loc":{"start":{"line":128,"column":14},"end":{"line":133,"column":25}},"line":128},"12":{"name":"(anonymous_12)","decl":{"start":{"line":130,"column":26},"end":{"line":130,"column":27}},"loc":{"start":{"line":130,"column":33},"end":{"line":130,"column":70}},"line":130},"13":{"name":"(anonymous_13)","decl":{"start":{"line":139,"column":35},"end":{"line":139,"column":36}},"loc":{"start":{"line":139,"column":42},"end":{"line":139,"column":66}},"line":139},"14":{"name":"(anonymous_14)","decl":{"start":{"line":140,"column":27},"end":{"line":140,"column":28}},"loc":{"start":{"line":141,"column":16},"end":{"line":143,"column":22}},"line":141},"15":{"name":"(anonymous_15)","decl":{"start":{"line":150,"column":23},"end":{"line":150,"column":24}},"loc":{"start":{"line":150,"column":29},"end":{"line":150,"column":53}},"line":150},"16":{"name":"(anonymous_16)","decl":{"start":{"line":159,"column":27},"end":{"line":159,"column":28}},"loc":{"start":{"line":160,"column":14},"end":{"line":213,"column":20}},"line":160},"17":{"name":"(anonymous_17)","decl":{"start":{"line":182,"column":31},"end":{"line":182,"column":32}},"loc":{"start":{"line":182,"column":37},"end":{"line":182,"column":67}},"line":182},"18":{"name":"(anonymous_18)","decl":{"start":{"line":188,"column":31},"end":{"line":188,"column":32}},"loc":{"start":{"line":188,"column":37},"end":{"line":207,"column":23}},"line":188},"19":{"name":"(anonymous_19)","decl":{"start":{"line":220,"column":25},"end":{"line":220,"column":26}},"loc":{"start":{"line":220,"column":32},"end":{"line":223,"column":17}},"line":220}},"branchMap":{"0":{"loc":{"start":{"line":27,"column":6},"end":{"line":29,"column":7}},"type":"if","locations":[{"start":{"line":27,"column":6},"end":{"line":29,"column":7}},{"start":{},"end":{}}],"line":27},"1":{"loc":{"start":{"line":63,"column":4},"end":{"line":63,"column":27}},"type":"if","locations":[{"start":{"line":63,"column":4},"end":{"line":63,"column":27}},{"start":{},"end":{}}],"line":63},"2":{"loc":{"start":{"line":82,"column":4},"end":{"line":86,"column":5}},"type":"if","locations":[{"start":{"line":82,"column":4},"end":{"line":86,"column":5}},{"start":{"line":84,"column":11},"end":{"line":86,"column":5}}],"line":82},"3":{"loc":{"start":{"line":92,"column":4},"end":{"line":96,"column":5}},"type":"if","locations":[{"start":{"line":92,"column":4},"end":{"line":96,"column":5}},{"start":{"line":94,"column":11},"end":{"line":96,"column":5}}],"line":92},"4":{"loc":{"start":{"line":92,"column":8},"end":{"line":92,"column":38}},"type":"binary-expr","locations":[{"start":{"line":92,"column":8},"end":{"line":92,"column":22}},{"start":{"line":92,"column":26},"end":{"line":92,"column":38}}],"line":92},"5":{"loc":{"start":{"line":217,"column":13},"end":{"line":235,"column":13}},"type":"binary-expr","locations":[{"start":{"line":217,"column":13},"end":{"line":217,"column":21}},{"start":{"line":217,"column":25},"end":{"line":217,"column":48}},{"start":{"line":218,"column":14},"end":{"line":234,"column":23}}],"line":217},"6":{"loc":{"start":{"line":225,"column":17},"end":{"line":233,"column":17}},"type":"cond-expr","locations":[{"start":{"line":226,"column":18},"end":{"line":226,"column":31}},{"start":{"line":228,"column":18},"end":{"line":232,"column":21}}],"line":225}},"s":{"0":1,"1":38,"2":38,"3":38,"4":38,"5":38,"6":38,"7":38,"8":38,"9":38,"10":38,"11":10,"12":10,"13":10,"14":8,"15":0,"16":38,"17":10,"18":10,"19":38,"20":10,"21":10,"22":10,"23":10,"24":10,"25":0,"26":0,"27":38,"28":10,"29":10,"30":10,"31":0,"32":38,"33":11,"34":10,"35":1,"36":38,"37":1,"38":1,"39":1,"40":1,"41":1,"42":0,"43":0,"44":38,"45":2,"46":2,"47":2,"48":0,"49":0,"50":2,"51":38,"52":14,"53":4,"54":10,"55":38,"56":4,"57":4,"58":4,"59":4,"60":4,"61":0,"62":38,"63":16,"64":2,"65":2,"66":228,"67":0,"68":31,"69":0,"70":1,"71":1,"72":1,"73":1,"74":1},"f":{"0":38,"1":10,"2":10,"3":10,"4":10,"5":11,"6":1,"7":2,"8":0,"9":14,"10":4,"11":16,"12":2,"13":2,"14":228,"15":0,"16":31,"17":0,"18":1,"19":1},"b":{"0":[8,2],"1":[10,1],"2":[2,0],"3":[4,10],"4":[14,12],"5":[38,37,4],"6":[1,3]},"_coverageSchema":"1a1c01bbd47fc00a2c39e90264f33305004495a9","hash":"8ab7298392f39caddd8a1263b093e5a5b7d78de5"}
,"/mnt/c/Users/lywic/Documents/GitHub/cs4218-2420-ecom-project-team40/client/src/pages/Policy.js": {"path":"/mnt/c/Users/lywic/Documents/GitHub/cs4218-2420-ecom-project-team40/client/src/pages/Policy.js","statementMap":{"0":{"start":{"line":4,"column":15},"end":{"line":25,"column":1}},"1":{"start":{"line":5,"column":2},"end":{"line":24,"column":4}}},"fnMap":{"0":{"name":"(anonymous_0)","decl":{"start":{"line":4,"column":15},"end":{"line":4,"column":16}},"loc":{"start":{"line":4,"column":21},"end":{"line":25,"column":1}},"line":4}},"branchMap":{},"s":{"0":1,"1":1},"f":{"0":1},"b":{},"_coverageSchema":"1a1c01bbd47fc00a2c39e90264f33305004495a9","hash":"77c55154cd8f8f88ab1c8d898381c4fba3627472"}
,"/mnt/c/Users/lywic/Documents/GitHub/cs4218-2420-ecom-project-team40/client/src/pages/ProductDetails.js": {"path":"/mnt/c/Users/lywic/Documents/GitHub/cs4218-2420-ecom-project-team40/client/src/pages/ProductDetails.js","statementMap":{"0":{"start":{"line":9,"column":23},"end":{"line":136,"column":1}},"1":{"start":{"line":10,"column":17},"end":{"line":10,"column":28}},"2":{"start":{"line":11,"column":19},"end":{"line":11,"column":32}},"3":{"start":{"line":12,"column":26},"end":{"line":12,"column":35}},"4":{"start":{"line":13,"column":32},"end":{"line":13,"column":44}},"5":{"start":{"line":14,"column":48},"end":{"line":14,"column":60}},"6":{"start":{"line":17,"column":2},"end":{"line":19,"column":21}},"7":{"start":{"line":18,"column":4},"end":{"line":18,"column":35}},"8":{"start":{"line":18,"column":22},"end":{"line":18,"column":35}},"9":{"start":{"line":21,"column":21},"end":{"line":31,"column":3}},"10":{"start":{"line":22,"column":4},"end":{"line":30,"column":5}},"11":{"start":{"line":23,"column":23},"end":{"line":25,"column":7}},"12":{"start":{"line":26,"column":6},"end":{"line":26,"column":32}},"13":{"start":{"line":27,"column":6},"end":{"line":27,"column":71}},"14":{"start":{"line":29,"column":6},"end":{"line":29,"column":25}},"15":{"start":{"line":33,"column":28},"end":{"line":42,"column":3}},"16":{"start":{"line":34,"column":4},"end":{"line":41,"column":5}},"17":{"start":{"line":35,"column":23},"end":{"line":37,"column":7}},"18":{"start":{"line":38,"column":6},"end":{"line":38,"column":41}},"19":{"start":{"line":40,"column":6},"end":{"line":40,"column":25}},"20":{"start":{"line":43,"column":2},"end":{"line":135,"column":4}},"21":{"start":{"line":71,"column":14},"end":{"line":71,"column":42}},"22":{"start":{"line":72,"column":14},"end":{"line":75,"column":16}},"23":{"start":{"line":76,"column":14},"end":{"line":76,"column":50}},"24":{"start":{"line":89,"column":12},"end":{"line":130,"column":18}},"25":{"start":{"line":111,"column":35},"end":{"line":111,"column":65}}},"fnMap":{"0":{"name":"(anonymous_0)","decl":{"start":{"line":9,"column":23},"end":{"line":9,"column":24}},"loc":{"start":{"line":9,"column":29},"end":{"line":136,"column":1}},"line":9},"1":{"name":"(anonymous_1)","decl":{"start":{"line":17,"column":12},"end":{"line":17,"column":13}},"loc":{"start":{"line":17,"column":18},"end":{"line":19,"column":3}},"line":17},"2":{"name":"(anonymous_2)","decl":{"start":{"line":21,"column":21},"end":{"line":21,"column":22}},"loc":{"start":{"line":21,"column":33},"end":{"line":31,"column":3}},"line":21},"3":{"name":"(anonymous_3)","decl":{"start":{"line":33,"column":28},"end":{"line":33,"column":29}},"loc":{"start":{"line":33,"column":48},"end":{"line":42,"column":3}},"line":33},"4":{"name":"(anonymous_4)","decl":{"start":{"line":70,"column":21},"end":{"line":70,"column":22}},"loc":{"start":{"line":70,"column":27},"end":{"line":77,"column":13}},"line":70},"5":{"name":"(anonymous_5)","decl":{"start":{"line":88,"column":32},"end":{"line":88,"column":33}},"loc":{"start":{"line":89,"column":12},"end":{"line":130,"column":18}},"line":89},"6":{"name":"(anonymous_6)","decl":{"start":{"line":111,"column":29},"end":{"line":111,"column":30}},"loc":{"start":{"line":111,"column":35},"end":{"line":111,"column":65}},"line":111}},"branchMap":{"0":{"loc":{"start":{"line":18,"column":4},"end":{"line":18,"column":35}},"type":"if","locations":[{"start":{"line":18,"column":4},"end":{"line":18,"column":35}},{"start":{},"end":{}}],"line":18},"1":{"loc":{"start":{"line":84,"column":9},"end":{"line":86,"column":9}},"type":"binary-expr","locations":[{"start":{"line":84,"column":9},"end":{"line":84,"column":35}},{"start":{"line":85,"column":10},"end":{"line":85,"column":66}}],"line":84}},"s":{"0":1,"1":17,"2":17,"3":17,"4":0,"5":0,"6":0,"7":0,"8":0,"9":0,"10":0,"11":0,"12":0,"13":0,"14":0,"15":0,"16":0,"17":0,"18":0,"19":0,"20":0,"21":0,"22":0,"23":0,"24":0,"25":0},"f":{"0":17,"1":0,"2":0,"3":0,"4":0,"5":0,"6":0},"b":{"0":[0,0],"1":[0,0]},"_coverageSchema":"1a1c01bbd47fc00a2c39e90264f33305004495a9","hash":"a49d8a4031175d9fad5123ffa1655ed8c4cbb46f"}
,"/mnt/c/Users/lywic/Documents/GitHub/cs4218-2420-ecom-project-team40/client/src/pages/Search.js": {"path":"/mnt/c/Users/lywic/Documents/GitHub/cs4218-2420-ecom-project-team40/client/src/pages/Search.js","statementMap":{"0":{"start":{"line":8,"column":15},"end":{"line":64,"column":1}},"1":{"start":{"line":9,"column":19},"end":{"line":9,"column":32}},"2":{"start":{"line":10,"column":30},"end":{"line":10,"column":41}},"3":{"start":{"line":11,"column":26},"end":{"line":11,"column":35}},"4":{"start":{"line":13,"column":2},"end":{"line":63,"column":4}},"5":{"start":{"line":25,"column":14},"end":{"line":57,"column":20}},"6":{"start":{"line":39,"column":35},"end":{"line":39,"column":65}},"7":{"start":{"line":46,"column":22},"end":{"line":46,"column":44}},"8":{"start":{"line":47,"column":22},"end":{"line":50,"column":24}},"9":{"start":{"line":51,"column":22},"end":{"line":51,"column":58}}},"fnMap":{"0":{"name":"(anonymous_0)","decl":{"start":{"line":8,"column":15},"end":{"line":8,"column":16}},"loc":{"start":{"line":8,"column":21},"end":{"line":64,"column":1}},"line":8},"1":{"name":"(anonymous_1)","decl":{"start":{"line":24,"column":33},"end":{"line":24,"column":34}},"loc":{"start":{"line":25,"column":14},"end":{"line":57,"column":20}},"line":25},"2":{"name":"(anonymous_2)","decl":{"start":{"line":39,"column":29},"end":{"line":39,"column":30}},"loc":{"start":{"line":39,"column":35},"end":{"line":39,"column":65}},"line":39},"3":{"name":"(anonymous_3)","decl":{"start":{"line":45,"column":29},"end":{"line":45,"column":30}},"loc":{"start":{"line":45,"column":35},"end":{"line":52,"column":21}},"line":45}},"branchMap":{"0":{"loc":{"start":{"line":19,"column":13},"end":{"line":21,"column":49}},"type":"cond-expr","locations":[{"start":{"line":20,"column":16},"end":{"line":20,"column":35}},{"start":{"line":21,"column":16},"end":{"line":21,"column":49}}],"line":19}},"s":{"0":1,"1":13,"2":0,"3":0,"4":0,"5":0,"6":0,"7":0,"8":0,"9":0},"f":{"0":13,"1":0,"2":0,"3":0},"b":{"0":[0,0]},"_coverageSchema":"1a1c01bbd47fc00a2c39e90264f33305004495a9","hash":"e1ff267ad8119f4b40dffa469349321dda6fa327"}
,"/mnt/c/Users/lywic/Documents/GitHub/cs4218-2420-ecom-project-team40/client/src/pages/Auth/ForgotPassword.js": {"path":"/mnt/c/Users/lywic/Documents/GitHub/cs4218-2420-ecom-project-team40/client/src/pages/Auth/ForgotPassword.js","statementMap":{"0":{"start":{"line":8,"column":23},"end":{"line":91,"column":1}},"1":{"start":{"line":9,"column":28},"end":{"line":9,"column":40}},"2":{"start":{"line":10,"column":30},"end":{"line":10,"column":42}},"3":{"start":{"line":11,"column":40},"end":{"line":11,"column":52}},"4":{"start":{"line":13,"column":19},"end":{"line":13,"column":32}},"5":{"start":{"line":16,"column":23},"end":{"line":43,"column":3}},"6":{"start":{"line":17,"column":4},"end":{"line":17,"column":23}},"7":{"start":{"line":18,"column":4},"end":{"line":42,"column":5}},"8":{"start":{"line":19,"column":18},"end":{"line":23,"column":8}},"9":{"start":{"line":25,"column":6},"end":{"line":38,"column":7}},"10":{"start":{"line":26,"column":8},"end":{"line":33,"column":13}},"11":{"start":{"line":35,"column":8},"end":{"line":35,"column":27}},"12":{"start":{"line":37,"column":8},"end":{"line":37,"column":38}},"13":{"start":{"line":40,"column":6},"end":{"line":40,"column":25}},"14":{"start":{"line":41,"column":6},"end":{"line":41,"column":42}},"15":{"start":{"line":44,"column":2},"end":{"line":90,"column":4}},"16":{"start":{"line":55,"column":31},"end":{"line":55,"column":55}},"17":{"start":{"line":66,"column":31},"end":{"line":66,"column":56}},"18":{"start":{"line":77,"column":31},"end":{"line":77,"column":61}}},"fnMap":{"0":{"name":"(anonymous_0)","decl":{"start":{"line":8,"column":23},"end":{"line":8,"column":24}},"loc":{"start":{"line":8,"column":29},"end":{"line":91,"column":1}},"line":8},"1":{"name":"(anonymous_1)","decl":{"start":{"line":16,"column":23},"end":{"line":16,"column":24}},"loc":{"start":{"line":16,"column":36},"end":{"line":43,"column":3}},"line":16},"2":{"name":"(anonymous_2)","decl":{"start":{"line":55,"column":24},"end":{"line":55,"column":25}},"loc":{"start":{"line":55,"column":31},"end":{"line":55,"column":55}},"line":55},"3":{"name":"(anonymous_3)","decl":{"start":{"line":66,"column":24},"end":{"line":66,"column":25}},"loc":{"start":{"line":66,"column":31},"end":{"line":66,"column":56}},"line":66},"4":{"name":"(anonymous_4)","decl":{"start":{"line":77,"column":24},"end":{"line":77,"column":25}},"loc":{"start":{"line":77,"column":31},"end":{"line":77,"column":61}},"line":77}},"branchMap":{"0":{"loc":{"start":{"line":25,"column":6},"end":{"line":38,"column":7}},"type":"if","locations":[{"start":{"line":25,"column":6},"end":{"line":38,"column":7}},{"start":{"line":36,"column":13},"end":{"line":38,"column":7}}],"line":25},"1":{"loc":{"start":{"line":25,"column":10},"end":{"line":25,"column":33}},"type":"binary-expr","locations":[{"start":{"line":25,"column":10},"end":{"line":25,"column":13}},{"start":{"line":25,"column":17},"end":{"line":25,"column":33}}],"line":25},"2":{"loc":{"start":{"line":26,"column":22},"end":{"line":26,"column":50}},"type":"binary-expr","locations":[{"start":{"line":26,"column":22},"end":{"line":26,"column":30}},{"start":{"line":26,"column":34},"end":{"line":26,"column":50}}],"line":26}},"s":{"0":1,"1":23,"2":23,"3":23,"4":23,"5":23,"6":3,"7":3,"8":3,"9":2,"10":1,"11":1,"12":1,"13":1,"14":1,"15":23,"16":5,"17":5,"18":5},"f":{"0":23,"1":3,"2":5,"3":5,"4":5},"b":{"0":[1,1],"1":[2,2],"2":[1,1]},"_coverageSchema":"1a1c01bbd47fc00a2c39e90264f33305004495a9","hash":"b78cdbc89a82bc006365eb8e555aa29bdd54900e"}
,"/mnt/c/Users/lywic/Documents/GitHub/cs4218-2420-ecom-project-team40/client/src/pages/Auth/Login.js": {"path":"/mnt/c/Users/lywic/Documents/GitHub/cs4218-2420-ecom-project-team40/client/src/pages/Auth/Login.js","statementMap":{"0":{"start":{"line":9,"column":14},"end":{"line":99,"column":1}},"1":{"start":{"line":10,"column":28},"end":{"line":10,"column":40}},"2":{"start":{"line":11,"column":34},"end":{"line":11,"column":46}},"3":{"start":{"line":12,"column":26},"end":{"line":12,"column":35}},"4":{"start":{"line":15,"column":19},"end":{"line":15,"column":32}},"5":{"start":{"line":16,"column":19},"end":{"line":16,"column":32}},"6":{"start":{"line":20,"column":23},"end":{"line":50,"column":3}},"7":{"start":{"line":21,"column":4},"end":{"line":21,"column":23}},"8":{"start":{"line":22,"column":4},"end":{"line":49,"column":5}},"9":{"start":{"line":23,"column":18},"end":{"line":26,"column":8}},"10":{"start":{"line":27,"column":6},"end":{"line":45,"column":7}},"11":{"start":{"line":28,"column":8},"end":{"line":35,"column":13}},"12":{"start":{"line":36,"column":8},"end":{"line":40,"column":11}},"13":{"start":{"line":41,"column":8},"end":{"line":41,"column":63}},"14":{"start":{"line":42,"column":8},"end":{"line":42,"column":40}},"15":{"start":{"line":44,"column":8},"end":{"line":44,"column":38}},"16":{"start":{"line":47,"column":6},"end":{"line":47,"column":25}},"17":{"start":{"line":48,"column":6},"end":{"line":48,"column":42}},"18":{"start":{"line":51,"column":2},"end":{"line":98,"column":4}},"19":{"start":{"line":62,"column":31},"end":{"line":62,"column":55}},"20":{"start":{"line":73,"column":31},"end":{"line":73,"column":58}},"21":{"start":{"line":85,"column":16},"end":{"line":85,"column":45}}},"fnMap":{"0":{"name":"(anonymous_0)","decl":{"start":{"line":9,"column":14},"end":{"line":9,"column":15}},"loc":{"start":{"line":9,"column":20},"end":{"line":99,"column":1}},"line":9},"1":{"name":"(anonymous_1)","decl":{"start":{"line":20,"column":23},"end":{"line":20,"column":24}},"loc":{"start":{"line":20,"column":36},"end":{"line":50,"column":3}},"line":20},"2":{"name":"(anonymous_2)","decl":{"start":{"line":62,"column":24},"end":{"line":62,"column":25}},"loc":{"start":{"line":62,"column":31},"end":{"line":62,"column":55}},"line":62},"3":{"name":"(anonymous_3)","decl":{"start":{"line":73,"column":24},"end":{"line":73,"column":25}},"loc":{"start":{"line":73,"column":31},"end":{"line":73,"column":58}},"line":73},"4":{"name":"(anonymous_4)","decl":{"start":{"line":84,"column":23},"end":{"line":84,"column":24}},"loc":{"start":{"line":84,"column":29},"end":{"line":86,"column":15}},"line":84}},"branchMap":{"0":{"loc":{"start":{"line":27,"column":6},"end":{"line":45,"column":7}},"type":"if","locations":[{"start":{"line":27,"column":6},"end":{"line":45,"column":7}},{"start":{"line":43,"column":13},"end":{"line":45,"column":7}}],"line":27},"1":{"loc":{"start":{"line":27,"column":10},"end":{"line":27,"column":33}},"type":"binary-expr","locations":[{"start":{"line":27,"column":10},"end":{"line":27,"column":13}},{"start":{"line":27,"column":17},"end":{"line":27,"column":33}}],"line":27},"2":{"loc":{"start":{"line":28,"column":22},"end":{"line":28,"column":50}},"type":"binary-expr","locations":[{"start":{"line":28,"column":22},"end":{"line":28,"column":30}},{"start":{"line":28,"column":34},"end":{"line":28,"column":50}}],"line":28},"3":{"loc":{"start":{"line":42,"column":17},"end":{"line":42,"column":38}},"type":"binary-expr","locations":[{"start":{"line":42,"column":17},"end":{"line":42,"column":31}},{"start":{"line":42,"column":35},"end":{"line":42,"column":38}}],"line":42}},"s":{"0":1,"1":25,"2":25,"3":25,"4":25,"5":25,"6":25,"7":5,"8":5,"9":5,"10":4,"11":3,"12":3,"13":3,"14":3,"15":1,"16":1,"17":1,"18":25,"19":7,"20":7,"21":1},"f":{"0":25,"1":5,"2":7,"3":7,"4":1},"b":{"0":[3,1],"1":[4,4],"2":[3,3],"3":[3,2]},"_coverageSchema":"1a1c01bbd47fc00a2c39e90264f33305004495a9","hash":"6d6b272289d146525f0c0757fd165a42f244551d"}
,"/mnt/c/Users/lywic/Documents/GitHub/cs4218-2420-ecom-project-team40/client/src/pages/Auth/Register.js": {"path":"/mnt/c/Users/lywic/Documents/GitHub/cs4218-2420-ecom-project-team40/client/src/pages/Auth/Register.js","statementMap":{"0":{"start":{"line":7,"column":17},"end":{"line":132,"column":1}},"1":{"start":{"line":8,"column":26},"end":{"line":8,"column":38}},"2":{"start":{"line":9,"column":28},"end":{"line":9,"column":40}},"3":{"start":{"line":10,"column":34},"end":{"line":10,"column":46}},"4":{"start":{"line":11,"column":28},"end":{"line":11,"column":40}},"5":{"start":{"line":12,"column":32},"end":{"line":12,"column":44}},"6":{"start":{"line":13,"column":24},"end":{"line":13,"column":36}},"7":{"start":{"line":14,"column":30},"end":{"line":14,"column":42}},"8":{"start":{"line":15,"column":19},"end":{"line":15,"column":32}},"9":{"start":{"line":18,"column":23},"end":{"line":40,"column":3}},"10":{"start":{"line":19,"column":4},"end":{"line":19,"column":23}},"11":{"start":{"line":20,"column":4},"end":{"line":39,"column":5}},"12":{"start":{"line":21,"column":18},"end":{"line":29,"column":8}},"13":{"start":{"line":30,"column":6},"end":{"line":35,"column":7}},"14":{"start":{"line":31,"column":8},"end":{"line":31,"column":61}},"15":{"start":{"line":32,"column":8},"end":{"line":32,"column":27}},"16":{"start":{"line":34,"column":8},"end":{"line":34,"column":38}},"17":{"start":{"line":37,"column":6},"end":{"line":37,"column":25}},"18":{"start":{"line":38,"column":6},"end":{"line":38,"column":42}},"19":{"start":{"line":42,"column":2},"end":{"line":131,"column":4}},"20":{"start":{"line":51,"column":31},"end":{"line":51,"column":54}},"21":{"start":{"line":63,"column":31},"end":{"line":63,"column":55}},"22":{"start":{"line":74,"column":31},"end":{"line":74,"column":58}},"23":{"start":{"line":85,"column":31},"end":{"line":85,"column":55}},"24":{"start":{"line":96,"column":31},"end":{"line":96,"column":57}},"25":{"start":{"line":107,"column":31},"end":{"line":107,"column":53}},"26":{"start":{"line":118,"column":31},"end":{"line":118,"column":56}}},"fnMap":{"0":{"name":"(anonymous_0)","decl":{"start":{"line":7,"column":17},"end":{"line":7,"column":18}},"loc":{"start":{"line":7,"column":23},"end":{"line":132,"column":1}},"line":7},"1":{"name":"(anonymous_1)","decl":{"start":{"line":18,"column":23},"end":{"line":18,"column":24}},"loc":{"start":{"line":18,"column":36},"end":{"line":40,"column":3}},"line":18},"2":{"name":"(anonymous_2)","decl":{"start":{"line":51,"column":24},"end":{"line":51,"column":25}},"loc":{"start":{"line":51,"column":31},"end":{"line":51,"column":54}},"line":51},"3":{"name":"(anonymous_3)","decl":{"start":{"line":63,"column":24},"end":{"line":63,"column":25}},"loc":{"start":{"line":63,"column":31},"end":{"line":63,"column":55}},"line":63},"4":{"name":"(anonymous_4)","decl":{"start":{"line":74,"column":24},"end":{"line":74,"column":25}},"loc":{"start":{"line":74,"column":31},"end":{"line":74,"column":58}},"line":74},"5":{"name":"(anonymous_5)","decl":{"start":{"line":85,"column":24},"end":{"line":85,"column":25}},"loc":{"start":{"line":85,"column":31},"end":{"line":85,"column":55}},"line":85},"6":{"name":"(anonymous_6)","decl":{"start":{"line":96,"column":24},"end":{"line":96,"column":25}},"loc":{"start":{"line":96,"column":31},"end":{"line":96,"column":57}},"line":96},"7":{"name":"(anonymous_7)","decl":{"start":{"line":107,"column":24},"end":{"line":107,"column":25}},"loc":{"start":{"line":107,"column":31},"end":{"line":107,"column":53}},"line":107},"8":{"name":"(anonymous_8)","decl":{"start":{"line":118,"column":24},"end":{"line":118,"column":25}},"loc":{"start":{"line":118,"column":31},"end":{"line":118,"column":56}},"line":118}},"branchMap":{"0":{"loc":{"start":{"line":30,"column":6},"end":{"line":35,"column":7}},"type":"if","locations":[{"start":{"line":30,"column":6},"end":{"line":35,"column":7}},{"start":{"line":33,"column":13},"end":{"line":35,"column":7}}],"line":30},"1":{"loc":{"start":{"line":30,"column":10},"end":{"line":30,"column":33}},"type":"binary-expr","locations":[{"start":{"line":30,"column":10},"end":{"line":30,"column":13}},{"start":{"line":30,"column":17},"end":{"line":30,"column":33}}],"line":30}},"s":{"0":1,"1":49,"2":49,"3":49,"4":49,"5":49,"6":49,"7":49,"8":49,"9":49,"10":3,"11":3,"12":3,"13":2,"14":1,"15":1,"16":1,"17":1,"18":1,"19":49,"20":5,"21":6,"22":6,"23":6,"24":6,"25":6,"26":6},"f":{"0":49,"1":3,"2":5,"3":6,"4":6,"5":6,"6":6,"7":6,"8":6},"b":{"0":[1,1],"1":[2,2]},"_coverageSchema":"1a1c01bbd47fc00a2c39e90264f33305004495a9","hash":"3fcc6c42eb2c5095b6a195c0f3cf1182240616d4"}
,"/mnt/c/Users/lywic/Documents/GitHub/cs4218-2420-ecom-project-team40/client/src/pages/admin/AdminDashboard.js": {"path":"/mnt/c/Users/lywic/Documents/GitHub/cs4218-2420-ecom-project-team40/client/src/pages/admin/AdminDashboard.js","statementMap":{"0":{"start":{"line":5,"column":23},"end":{"line":25,"column":1}},"1":{"start":{"line":6,"column":17},"end":{"line":6,"column":26}},"2":{"start":{"line":7,"column":2},"end":{"line":24,"column":4}}},"fnMap":{"0":{"name":"(anonymous_0)","decl":{"start":{"line":5,"column":23},"end":{"line":5,"column":24}},"loc":{"start":{"line":5,"column":29},"end":{"line":25,"column":1}},"line":5}},"branchMap":{},"s":{"0":1,"1":1,"2":1},"f":{"0":1},"b":{},"_coverageSchema":"1a1c01bbd47fc00a2c39e90264f33305004495a9","hash":"2b3527af2f12a47a35a458859f2f12713523e7b6"}
,"/mnt/c/Users/lywic/Documents/GitHub/cs4218-2420-ecom-project-team40/client/src/pages/admin/CreateProduct.js": {"path":"/mnt/c/Users/lywic/Documents/GitHub/cs4218-2420-ecom-project-team40/client/src/pages/admin/CreateProduct.js","statementMap":{"0":{"start":{"line":8,"column":19},"end":{"line":8,"column":25}},"1":{"start":{"line":10,"column":22},"end":{"line":229,"column":1}},"2":{"start":{"line":11,"column":19},"end":{"line":11,"column":32}},"3":{"start":{"line":12,"column":38},"end":{"line":12,"column":50}},"4":{"start":{"line":13,"column":26},"end":{"line":13,"column":38}},"5":{"start":{"line":14,"column":40},"end":{"line":14,"column":52}},"6":{"start":{"line":15,"column":28},"end":{"line":15,"column":40}},"7":{"start":{"line":16,"column":34},"end":{"line":16,"column":46}},"8":{"start":{"line":17,"column":34},"end":{"line":17,"column":46}},"9":{"start":{"line":18,"column":34},"end":{"line":18,"column":46}},"10":{"start":{"line":19,"column":28},"end":{"line":19,"column":40}},"11":{"start":{"line":20,"column":52},"end":{"line":20,"column":67}},"12":{"start":{"line":21,"column":54},"end":{"line":21,"column":69}},"13":{"start":{"line":22,"column":54},"end":{"line":22,"column":69}},"14":{"start":{"line":25,"column":25},"end":{"line":35,"column":3}},"15":{"start":{"line":26,"column":4},"end":{"line":34,"column":5}},"16":{"start":{"line":27,"column":23},"end":{"line":27,"column":71}},"17":{"start":{"line":28,"column":6},"end":{"line":30,"column":7}},"18":{"start":{"line":29,"column":8},"end":{"line":29,"column":38}},"19":{"start":{"line":32,"column":6},"end":{"line":32,"column":25}},"20":{"start":{"line":33,"column":6},"end":{"line":33,"column":62}},"21":{"start":{"line":37,"column":2},"end":{"line":39,"column":9}},"22":{"start":{"line":38,"column":4},"end":{"line":38,"column":21}},"23":{"start":{"line":42,"column":23},"end":{"line":89,"column":3}},"24":{"start":{"line":43,"column":4},"end":{"line":43,"column":23}},"25":{"start":{"line":44,"column":4},"end":{"line":48,"column":5}},"26":{"start":{"line":45,"column":6},"end":{"line":45,"column":34}},"27":{"start":{"line":47,"column":6},"end":{"line":47,"column":35}},"28":{"start":{"line":50,"column":4},"end":{"line":54,"column":5}},"29":{"start":{"line":51,"column":6},"end":{"line":51,"column":34}},"30":{"start":{"line":53,"column":6},"end":{"line":53,"column":35}},"31":{"start":{"line":56,"column":4},"end":{"line":60,"column":5}},"32":{"start":{"line":57,"column":6},"end":{"line":57,"column":33}},"33":{"start":{"line":59,"column":6},"end":{"line":59,"column":34}},"34":{"start":{"line":66,"column":4},"end":{"line":88,"column":5}},"35":{"start":{"line":67,"column":26},"end":{"line":67,"column":40}},"36":{"start":{"line":68,"column":6},"end":{"line":68,"column":39}},"37":{"start":{"line":69,"column":6},"end":{"line":69,"column":53}},"38":{"start":{"line":70,"column":6},"end":{"line":70,"column":41}},"39":{"start":{"line":71,"column":6},"end":{"line":71,"column":47}},"40":{"start":{"line":72,"column":6},"end":{"line":72,"column":41}},"41":{"start":{"line":73,"column":6},"end":{"line":73,"column":47}},"42":{"start":{"line":74,"column":6},"end":{"line":74,"column":72}},"43":{"start":{"line":75,"column":23},"end":{"line":78,"column":7}},"44":{"start":{"line":79,"column":6},"end":{"line":84,"column":7}},"45":{"start":{"line":80,"column":8},"end":{"line":80,"column":54}},"46":{"start":{"line":81,"column":8},"end":{"line":81,"column":46}},"47":{"start":{"line":83,"column":8},"end":{"line":83,"column":35}},"48":{"start":{"line":86,"column":6},"end":{"line":86,"column":25}},"49":{"start":{"line":87,"column":6},"end":{"line":87,"column":59}},"50":{"start":{"line":91,"column":2},"end":{"line":228,"column":4}},"51":{"start":{"line":110,"column":20},"end":{"line":110,"column":39}},"52":{"start":{"line":114,"column":20},"end":{"line":116,"column":29}},"53":{"start":{"line":136,"column":37},"end":{"line":136,"column":64}},"54":{"start":{"line":162,"column":35},"end":{"line":162,"column":58}},"55":{"start":{"line":172,"column":35},"end":{"line":172,"column":65}},"56":{"start":{"line":183,"column":35},"end":{"line":183,"column":59}},"57":{"start":{"line":193,"column":35},"end":{"line":193,"column":62}},"58":{"start":{"line":204,"column":39},"end":{"line":204,"column":57}}},"fnMap":{"0":{"name":"(anonymous_0)","decl":{"start":{"line":10,"column":22},"end":{"line":10,"column":23}},"loc":{"start":{"line":10,"column":28},"end":{"line":229,"column":1}},"line":10},"1":{"name":"(anonymous_1)","decl":{"start":{"line":25,"column":25},"end":{"line":25,"column":26}},"loc":{"start":{"line":25,"column":37},"end":{"line":35,"column":3}},"line":25},"2":{"name":"(anonymous_2)","decl":{"start":{"line":37,"column":12},"end":{"line":37,"column":13}},"loc":{"start":{"line":37,"column":18},"end":{"line":39,"column":3}},"line":37},"3":{"name":"(anonymous_3)","decl":{"start":{"line":42,"column":23},"end":{"line":42,"column":24}},"loc":{"start":{"line":42,"column":36},"end":{"line":89,"column":3}},"line":42},"4":{"name":"(anonymous_4)","decl":{"start":{"line":109,"column":28},"end":{"line":109,"column":29}},"loc":{"start":{"line":109,"column":39},"end":{"line":111,"column":19}},"line":109},"5":{"name":"(anonymous_5)","decl":{"start":{"line":113,"column":35},"end":{"line":113,"column":36}},"loc":{"start":{"line":114,"column":20},"end":{"line":116,"column":29}},"line":114},"6":{"name":"(anonymous_6)","decl":{"start":{"line":136,"column":30},"end":{"line":136,"column":31}},"loc":{"start":{"line":136,"column":37},"end":{"line":136,"column":64}},"line":136},"7":{"name":"(anonymous_7)","decl":{"start":{"line":162,"column":28},"end":{"line":162,"column":29}},"loc":{"start":{"line":162,"column":35},"end":{"line":162,"column":58}},"line":162},"8":{"name":"(anonymous_8)","decl":{"start":{"line":172,"column":28},"end":{"line":172,"column":29}},"loc":{"start":{"line":172,"column":35},"end":{"line":172,"column":65}},"line":172},"9":{"name":"(anonymous_9)","decl":{"start":{"line":183,"column":28},"end":{"line":183,"column":29}},"loc":{"start":{"line":183,"column":35},"end":{"line":183,"column":59}},"line":183},"10":{"name":"(anonymous_10)","decl":{"start":{"line":193,"column":28},"end":{"line":193,"column":29}},"loc":{"start":{"line":193,"column":35},"end":{"line":193,"column":62}},"line":193},"11":{"name":"(anonymous_11)","decl":{"start":{"line":204,"column":28},"end":{"line":204,"column":29}},"loc":{"start":{"line":204,"column":39},"end":{"line":204,"column":57}},"line":204}},"branchMap":{"0":{"loc":{"start":{"line":28,"column":6},"end":{"line":30,"column":7}},"type":"if","locations":[{"start":{"line":28,"column":6},"end":{"line":30,"column":7}},{"start":{},"end":{}}],"line":28},"1":{"loc":{"start":{"line":44,"column":4},"end":{"line":48,"column":5}},"type":"if","locations":[{"start":{"line":44,"column":4},"end":{"line":48,"column":5}},{"start":{"line":46,"column":11},"end":{"line":48,"column":5}}],"line":44},"2":{"loc":{"start":{"line":50,"column":4},"end":{"line":54,"column":5}},"type":"if","locations":[{"start":{"line":50,"column":4},"end":{"line":54,"column":5}},{"start":{"line":52,"column":11},"end":{"line":54,"column":5}}],"line":50},"3":{"loc":{"start":{"line":56,"column":4},"end":{"line":60,"column":5}},"type":"if","locations":[{"start":{"line":56,"column":4},"end":{"line":60,"column":5}},{"start":{"line":58,"column":11},"end":{"line":60,"column":5}}],"line":56},"4":{"loc":{"start":{"line":74,"column":37},"end":{"line":74,"column":70}},"type":"cond-expr","locations":[{"start":{"line":74,"column":58},"end":{"line":74,"column":62}},{"start":{"line":74,"column":65},"end":{"line":74,"column":70}}],"line":74},"5":{"loc":{"start":{"line":79,"column":6},"end":{"line":84,"column":7}},"type":"if","locations":[{"start":{"line":79,"column":6},"end":{"line":84,"column":7}},{"start":{"line":82,"column":13},"end":{"line":84,"column":7}}],"line":79},"6":{"loc":{"start":{"line":108,"column":26},"end":{"line":108,"column":59}},"type":"cond-expr","locations":[{"start":{"line":108,"column":47},"end":{"line":108,"column":54}},{"start":{"line":108,"column":57},"end":{"line":108,"column":59}}],"line":108},"7":{"loc":{"start":{"line":131,"column":19},"end":{"line":131,"column":54}},"type":"cond-expr","locations":[{"start":{"line":131,"column":27},"end":{"line":131,"column":37}},{"start":{"line":131,"column":40},"end":{"line":131,"column":54}}],"line":131},"8":{"loc":{"start":{"line":145,"column":17},"end":{"line":154,"column":17}},"type":"binary-expr","locations":[{"start":{"line":145,"column":17},"end":{"line":145,"column":22}},{"start":{"line":146,"column":18},"end":{"line":153,"column":24}}],"line":145},"9":{"loc":{"start":{"line":205,"column":26},"end":{"line":205,"column":59}},"type":"cond-expr","locations":[{"start":{"line":205,"column":47},"end":{"line":205,"column":54}},{"start":{"line":205,"column":57},"end":{"line":205,"column":59}}],"line":205}},"s":{"0":1,"1":1,"2":21,"3":21,"4":21,"5":21,"6":21,"7":21,"8":21,"9":21,"10":21,"11":21,"12":21,"13":21,"14":21,"15":4,"16":4,"17":4,"18":4,"19":0,"20":0,"21":21,"22":4,"23":21,"24":2,"25":2,"26":2,"27":0,"28":2,"29":2,"30":0,"31":2,"32":2,"33":0,"34":2,"35":2,"36":2,"37":2,"38":2,"39":2,"40":2,"41":2,"42":2,"43":2,"44":1,"45":1,"46":1,"47":0,"48":1,"49":1,"50":21,"51":0,"52":28,"53":0,"54":3,"55":3,"56":3,"57":3,"58":0},"f":{"0":21,"1":4,"2":4,"3":2,"4":0,"5":28,"6":0,"7":3,"8":3,"9":3,"10":3,"11":0},"b":{"0":[4,0],"1":[2,0],"2":[2,0],"3":[2,0],"4":[0,2],"5":[1,0],"6":[2,19],"7":[0,21],"8":[21,0],"9":[2,19]},"_coverageSchema":"1a1c01bbd47fc00a2c39e90264f33305004495a9","hash":"f01781aa410461006d74b76083b36b503b41c342"}
,"/mnt/c/Users/lywic/Documents/GitHub/cs4218-2420-ecom-project-team40/client/src/pages/admin/Products.js": {"path":"/mnt/c/Users/lywic/Documents/GitHub/cs4218-2420-ecom-project-team40/client/src/pages/admin/Products.js","statementMap":{"0":{"start":{"line":7,"column":17},"end":{"line":58,"column":1}},"1":{"start":{"line":8,"column":34},"end":{"line":8,"column":46}},"2":{"start":{"line":11,"column":25},"end":{"line":19,"column":3}},"3":{"start":{"line":12,"column":4},"end":{"line":18,"column":5}},"4":{"start":{"line":13,"column":23},"end":{"line":13,"column":69}},"5":{"start":{"line":14,"column":6},"end":{"line":14,"column":33}},"6":{"start":{"line":16,"column":6},"end":{"line":16,"column":25}},"7":{"start":{"line":17,"column":6},"end":{"line":17,"column":42}},"8":{"start":{"line":22,"column":2},"end":{"line":24,"column":9}},"9":{"start":{"line":23,"column":4},"end":{"line":23,"column":21}},"10":{"start":{"line":25,"column":2},"end":{"line":57,"column":4}},"11":{"start":{"line":35,"column":14},"end":{"line":51,"column":21}}},"fnMap":{"0":{"name":"(anonymous_0)","decl":{"start":{"line":7,"column":17},"end":{"line":7,"column":18}},"loc":{"start":{"line":7,"column":23},"end":{"line":58,"column":1}},"line":7},"1":{"name":"(anonymous_1)","decl":{"start":{"line":11,"column":25},"end":{"line":11,"column":26}},"loc":{"start":{"line":11,"column":37},"end":{"line":19,"column":3}},"line":11},"2":{"name":"(anonymous_2)","decl":{"start":{"line":22,"column":12},"end":{"line":22,"column":13}},"loc":{"start":{"line":22,"column":18},"end":{"line":24,"column":3}},"line":22},"3":{"name":"(anonymous_3)","decl":{"start":{"line":34,"column":27},"end":{"line":34,"column":28}},"loc":{"start":{"line":35,"column":14},"end":{"line":51,"column":21}},"line":35}},"branchMap":{},"s":{"0":1,"1":3,"2":3,"3":2,"4":2,"5":1,"6":1,"7":1,"8":3,"9":2,"10":3,"11":2},"f":{"0":3,"1":2,"2":2,"3":2},"b":{},"_coverageSchema":"1a1c01bbd47fc00a2c39e90264f33305004495a9","hash":"17d366d5ab5f46ebe43fef5a469638b0920724b9"}
,"/mnt/c/Users/lywic/Documents/GitHub/cs4218-2420-ecom-project-team40/client/src/pages/admin/UpdateProduct.js": {"path":"/mnt/c/Users/lywic/Documents/GitHub/cs4218-2420-ecom-project-team40/client/src/pages/admin/UpdateProduct.js","statementMap":{"0":{"start":{"line":8,"column":19},"end":{"line":8,"column":25}},"1":{"start":{"line":10,"column":22},"end":{"line":232,"column":1}},"2":{"start":{"line":11,"column":19},"end":{"line":11,"column":32}},"3":{"start":{"line":12,"column":17},"end":{"line":12,"column":28}},"4":{"start":{"line":13,"column":38},"end":{"line":13,"column":50}},"5":{"start":{"line":14,"column":26},"end":{"line":14,"column":38}},"6":{"start":{"line":15,"column":40},"end":{"line":15,"column":52}},"7":{"start":{"line":16,"column":28},"end":{"line":16,"column":40}},"8":{"start":{"line":17,"column":34},"end":{"line":17,"column":46}},"9":{"start":{"line":18,"column":34},"end":{"line":18,"column":46}},"10":{"start":{"line":19,"column":34},"end":{"line":19,"column":46}},"11":{"start":{"line":20,"column":28},"end":{"line":20,"column":40}},"12":{"start":{"line":21,"column":22},"end":{"line":21,"column":34}},"13":{"start":{"line":24,"column":27},"end":{"line":39,"column":3}},"14":{"start":{"line":25,"column":4},"end":{"line":38,"column":5}},"15":{"start":{"line":26,"column":23},"end":{"line":28,"column":7}},"16":{"start":{"line":29,"column":6},"end":{"line":29,"column":33}},"17":{"start":{"line":30,"column":6},"end":{"line":30,"column":30}},"18":{"start":{"line":31,"column":6},"end":{"line":31,"column":47}},"19":{"start":{"line":32,"column":6},"end":{"line":32,"column":35}},"20":{"start":{"line":33,"column":6},"end":{"line":33,"column":41}},"21":{"start":{"line":34,"column":6},"end":{"line":34,"column":41}},"22":{"start":{"line":35,"column":6},"end":{"line":35,"column":45}},"23":{"start":{"line":37,"column":6},"end":{"line":37,"column":25}},"24":{"start":{"line":40,"column":2},"end":{"line":43,"column":9}},"25":{"start":{"line":41,"column":4},"end":{"line":41,"column":23}},"26":{"start":{"line":45,"column":25},"end":{"line":55,"column":3}},"27":{"start":{"line":46,"column":4},"end":{"line":54,"column":5}},"28":{"start":{"line":47,"column":23},"end":{"line":47,"column":71}},"29":{"start":{"line":48,"column":6},"end":{"line":50,"column":7}},"30":{"start":{"line":49,"column":8},"end":{"line":49,"column":38}},"31":{"start":{"line":52,"column":6},"end":{"line":52,"column":25}},"32":{"start":{"line":53,"column":6},"end":{"line":53,"column":62}},"33":{"start":{"line":57,"column":2},"end":{"line":59,"column":9}},"34":{"start":{"line":58,"column":4},"end":{"line":58,"column":21}},"35":{"start":{"line":62,"column":23},"end":{"line":86,"column":3}},"36":{"start":{"line":63,"column":4},"end":{"line":63,"column":23}},"37":{"start":{"line":64,"column":4},"end":{"line":85,"column":5}},"38":{"start":{"line":65,"column":26},"end":{"line":65,"column":40}},"39":{"start":{"line":66,"column":6},"end":{"line":66,"column":39}},"40":{"start":{"line":67,"column":6},"end":{"line":67,"column":53}},"41":{"start":{"line":68,"column":6},"end":{"line":68,"column":41}},"42":{"start":{"line":69,"column":6},"end":{"line":69,"column":47}},"43":{"start":{"line":70,"column":6},"end":{"line":70,"column":50}},"44":{"start":{"line":71,"column":6},"end":{"line":71,"column":47}},"45":{"start":{"line":72,"column":23},"end":{"line":75,"column":7}},"46":{"start":{"line":76,"column":6},"end":{"line":81,"column":7}},"47":{"start":{"line":77,"column":8},"end":{"line":77,"column":54}},"48":{"start":{"line":78,"column":8},"end":{"line":78,"column":46}},"49":{"start":{"line":80,"column":8},"end":{"line":80,"column":35}},"50":{"start":{"line":83,"column":6},"end":{"line":83,"column":25}},"51":{"start":{"line":84,"column":6},"end":{"line":84,"column":42}},"52":{"start":{"line":89,"column":23},"end":{"line":102,"column":3}},"53":{"start":{"line":90,"column":4},"end":{"line":101,"column":5}},"54":{"start":{"line":91,"column":19},"end":{"line":91,"column":79}},"55":{"start":{"line":92,"column":6},"end":{"line":92,"column":26}},"56":{"start":{"line":92,"column":19},"end":{"line":92,"column":26}},"57":{"start":{"line":93,"column":23},"end":{"line":95,"column":7}},"58":{"start":{"line":96,"column":6},"end":{"line":96,"column":52}},"59":{"start":{"line":97,"column":6},"end":{"line":97,"column":44}},"60":{"start":{"line":99,"column":6},"end":{"line":99,"column":25}},"61":{"start":{"line":100,"column":6},"end":{"line":100,"column":42}},"62":{"start":{"line":103,"column":2},"end":{"line":231,"column":4}},"63":{"start":{"line":120,"column":18},"end":{"line":120,"column":37}},"64":{"start":{"line":125,"column":18},"end":{"line":127,"column":27}},"65":{"start":{"line":137,"column":37},"end":{"line":137,"column":64}},"66":{"start":{"line":169,"column":35},"end":{"line":169,"column":58}},"67":{"start":{"line":178,"column":35},"end":{"line":178,"column":65}},"68":{"start":{"line":188,"column":35},"end":{"line":188,"column":59}},"69":{"start":{"line":197,"column":35},"end":{"line":197,"column":62}},"70":{"start":{"line":208,"column":20},"end":{"line":208,"column":39}}},"fnMap":{"0":{"name":"(anonymous_0)","decl":{"start":{"line":10,"column":22},"end":{"line":10,"column":23}},"loc":{"start":{"line":10,"column":28},"end":{"line":232,"column":1}},"line":10},"1":{"name":"(anonymous_1)","decl":{"start":{"line":24,"column":27},"end":{"line":24,"column":28}},"loc":{"start":{"line":24,"column":39},"end":{"line":39,"column":3}},"line":24},"2":{"name":"(anonymous_2)","decl":{"start":{"line":40,"column":12},"end":{"line":40,"column":13}},"loc":{"start":{"line":40,"column":18},"end":{"line":43,"column":3}},"line":40},"3":{"name":"(anonymous_3)","decl":{"start":{"line":45,"column":25},"end":{"line":45,"column":26}},"loc":{"start":{"line":45,"column":37},"end":{"line":55,"column":3}},"line":45},"4":{"name":"(anonymous_4)","decl":{"start":{"line":57,"column":12},"end":{"line":57,"column":13}},"loc":{"start":{"line":57,"column":18},"end":{"line":59,"column":3}},"line":57},"5":{"name":"(anonymous_5)","decl":{"start":{"line":62,"column":23},"end":{"line":62,"column":24}},"loc":{"start":{"line":62,"column":36},"end":{"line":86,"column":3}},"line":62},"6":{"name":"(anonymous_6)","decl":{"start":{"line":89,"column":23},"end":{"line":89,"column":24}},"loc":{"start":{"line":89,"column":35},"end":{"line":102,"column":3}},"line":89},"7":{"name":"(anonymous_7)","decl":{"start":{"line":119,"column":26},"end":{"line":119,"column":27}},"loc":{"start":{"line":119,"column":37},"end":{"line":121,"column":17}},"line":119},"8":{"name":"(anonymous_8)","decl":{"start":{"line":124,"column":33},"end":{"line":124,"column":34}},"loc":{"start":{"line":125,"column":18},"end":{"line":127,"column":27}},"line":125},"9":{"name":"(anonymous_9)","decl":{"start":{"line":137,"column":30},"end":{"line":137,"column":31}},"loc":{"start":{"line":137,"column":37},"end":{"line":137,"column":64}},"line":137},"10":{"name":"(anonymous_10)","decl":{"start":{"line":169,"column":28},"end":{"line":169,"column":29}},"loc":{"start":{"line":169,"column":35},"end":{"line":169,"column":58}},"line":169},"11":{"name":"(anonymous_11)","decl":{"start":{"line":178,"column":28},"end":{"line":178,"column":29}},"loc":{"start":{"line":178,"column":35},"end":{"line":178,"column":65}},"line":178},"12":{"name":"(anonymous_12)","decl":{"start":{"line":188,"column":28},"end":{"line":188,"column":29}},"loc":{"start":{"line":188,"column":35},"end":{"line":188,"column":59}},"line":188},"13":{"name":"(anonymous_13)","decl":{"start":{"line":197,"column":28},"end":{"line":197,"column":29}},"loc":{"start":{"line":197,"column":35},"end":{"line":197,"column":62}},"line":197},"14":{"name":"(anonymous_14)","decl":{"start":{"line":207,"column":28},"end":{"line":207,"column":29}},"loc":{"start":{"line":207,"column":39},"end":{"line":209,"column":19}},"line":207}},"branchMap":{"0":{"loc":{"start":{"line":48,"column":6},"end":{"line":50,"column":7}},"type":"if","locations":[{"start":{"line":48,"column":6},"end":{"line":50,"column":7}},{"start":{},"end":{}}],"line":48},"1":{"loc":{"start":{"line":70,"column":6},"end":{"line":70,"column":49}},"type":"binary-expr","locations":[{"start":{"line":70,"column":6},"end":{"line":70,"column":11}},{"start":{"line":70,"column":15},"end":{"line":70,"column":49}}],"line":70},"2":{"loc":{"start":{"line":76,"column":6},"end":{"line":81,"column":7}},"type":"if","locations":[{"start":{"line":76,"column":6},"end":{"line":81,"column":7}},{"start":{"line":79,"column":13},"end":{"line":81,"column":7}}],"line":76},"3":{"loc":{"start":{"line":92,"column":6},"end":{"line":92,"column":26}},"type":"if","locations":[{"start":{"line":92,"column":6},"end":{"line":92,"column":26}},{"start":{},"end":{}}],"line":92},"4":{"loc":{"start":{"line":132,"column":19},"end":{"line":132,"column":54}},"type":"cond-expr","locations":[{"start":{"line":132,"column":27},"end":{"line":132,"column":37}},{"start":{"line":132,"column":40},"end":{"line":132,"column":54}}],"line":132},"5":{"loc":{"start":{"line":143,"column":17},"end":{"line":161,"column":17}},"type":"cond-expr","locations":[{"start":{"line":144,"column":18},"end":{"line":151,"column":24}},{"start":{"line":153,"column":18},"end":{"line":160,"column":24}}],"line":143},"6":{"loc":{"start":{"line":210,"column":25},"end":{"line":210,"column":48}},"type":"cond-expr","locations":[{"start":{"line":210,"column":36},"end":{"line":210,"column":41}},{"start":{"line":210,"column":44},"end":{"line":210,"column":48}}],"line":210}},"s":{"0":1,"1":1,"2":22,"3":22,"4":22,"5":22,"6":22,"7":22,"8":22,"9":22,"10":22,"11":22,"12":22,"13":22,"14":9,"15":9,"16":9,"17":9,"18":9,"19":9,"20":9,"21":9,"22":9,"23":0,"24":22,"25":9,"26":22,"27":9,"28":9,"29":9,"30":9,"31":0,"32":0,"33":22,"34":9,"35":22,"36":4,"37":4,"38":4,"39":4,"40":4,"41":4,"42":4,"43":4,"44":4,"45":4,"46":3,"47":3,"48":3,"49":0,"50":1,"51":1,"52":22,"53":3,"54":3,"55":3,"56":1,"57":2,"58":1,"59":1,"60":1,"61":1,"62":22,"63":0,"64":16,"65":0,"66":5,"67":1,"68":1,"69":1,"70":0},"f":{"0":22,"1":9,"2":9,"3":9,"4":9,"5":4,"6":3,"7":0,"8":16,"9":0,"10":5,"11":1,"12":1,"13":1,"14":0},"b":{"0":[9,0],"1":[4,0],"2":[3,0],"3":[1,2],"4":[0,22],"5":[0,22],"6":[8,14]},"_coverageSchema":"1a1c01bbd47fc00a2c39e90264f33305004495a9","hash":"136ecbbd7e17f9000bbf4ed91faac95998fbe46a"}
,"/mnt/c/Users/lywic/Documents/GitHub/cs4218-2420-ecom-project-team40/client/src/pages/admin/Users.js": {"path":"/mnt/c/Users/lywic/Documents/GitHub/cs4218-2420-ecom-project-team40/client/src/pages/admin/Users.js","statementMap":{"0":{"start":{"line":7,"column":14},"end":{"line":64,"column":1}},"1":{"start":{"line":8,"column":28},"end":{"line":8,"column":40}},"2":{"start":{"line":10,"column":19},"end":{"line":18,"column":3}},"3":{"start":{"line":11,"column":4},"end":{"line":17,"column":5}},"4":{"start":{"line":12,"column":23},"end":{"line":12,"column":64}},"5":{"start":{"line":13,"column":6},"end":{"line":13,"column":21}},"6":{"start":{"line":15,"column":6},"end":{"line":15,"column":25}},"7":{"start":{"line":16,"column":6},"end":{"line":16,"column":46}},"8":{"start":{"line":20,"column":2},"end":{"line":22,"column":9}},"9":{"start":{"line":21,"column":4},"end":{"line":21,"column":15}},"10":{"start":{"line":24,"column":2},"end":{"line":63,"column":4}},"11":{"start":{"line":46,"column":20},"end":{"line":54,"column":22}}},"fnMap":{"0":{"name":"(anonymous_0)","decl":{"start":{"line":7,"column":14},"end":{"line":7,"column":15}},"loc":{"start":{"line":7,"column":20},"end":{"line":64,"column":1}},"line":7},"1":{"name":"(anonymous_1)","decl":{"start":{"line":10,"column":19},"end":{"line":10,"column":20}},"loc":{"start":{"line":10,"column":31},"end":{"line":18,"column":3}},"line":10},"2":{"name":"(anonymous_2)","decl":{"start":{"line":20,"column":12},"end":{"line":20,"column":13}},"loc":{"start":{"line":20,"column":18},"end":{"line":22,"column":3}},"line":20},"3":{"name":"(anonymous_3)","decl":{"start":{"line":45,"column":29},"end":{"line":45,"column":30}},"loc":{"start":{"line":45,"column":39},"end":{"line":55,"column":19}},"line":45}},"branchMap":{"0":{"loc":{"start":{"line":52,"column":29},"end":{"line":52,"column":57}},"type":"cond-expr","locations":[{"start":{"line":52,"column":41},"end":{"line":52,"column":48}},{"start":{"line":52,"column":51},"end":{"line":52,"column":57}}],"line":52}},"s":{"0":1,"1":7,"2":7,"3":4,"4":4,"5":3,"6":1,"7":1,"8":7,"9":4,"10":7,"11":4},"f":{"0":7,"1":4,"2":4,"3":4},"b":{"0":[2,2]},"_coverageSchema":"1a1c01bbd47fc00a2c39e90264f33305004495a9","hash":"730ccad6814544662ef203524d6f93b608c80650"}
,"/mnt/c/Users/lywic/Documents/GitHub/cs4218-2420-ecom-project-team40/client/src/pages/user/Dashboard.js": {"path":"/mnt/c/Users/lywic/Documents/GitHub/cs4218-2420-ecom-project-team40/client/src/pages/user/Dashboard.js","statementMap":{"0":{"start":{"line":5,"column":18},"end":{"line":25,"column":1}},"1":{"start":{"line":6,"column":17},"end":{"line":6,"column":26}},"2":{"start":{"line":7,"column":2},"end":{"line":24,"column":4}}},"fnMap":{"0":{"name":"(anonymous_0)","decl":{"start":{"line":5,"column":18},"end":{"line":5,"column":19}},"loc":{"start":{"line":5,"column":24},"end":{"line":25,"column":1}},"line":5}},"branchMap":{},"s":{"0":1,"1":2,"2":2},"f":{"0":2},"b":{},"_coverageSchema":"1a1c01bbd47fc00a2c39e90264f33305004495a9","hash":"d1001fd121b6c10b8e0ab939e7b01cb8d499d518"}
,"/mnt/c/Users/lywic/Documents/GitHub/cs4218-2420-ecom-project-team40/client/src/pages/user/Orders.js": {"path":"/mnt/c/Users/lywic/Documents/GitHub/cs4218-2420-ecom-project-team40/client/src/pages/user/Orders.js","statementMap":{"0":{"start":{"line":8,"column":15},"end":{"line":85,"column":1}},"1":{"start":{"line":9,"column":30},"end":{"line":9,"column":42}},"2":{"start":{"line":10,"column":26},"end":{"line":10,"column":35}},"3":{"start":{"line":11,"column":20},"end":{"line":18,"column":3}},"4":{"start":{"line":12,"column":4},"end":{"line":17,"column":5}},"5":{"start":{"line":13,"column":23},"end":{"line":13,"column":61}},"6":{"start":{"line":14,"column":6},"end":{"line":14,"column":22}},"7":{"start":{"line":16,"column":6},"end":{"line":16,"column":25}},"8":{"start":{"line":20,"column":2},"end":{"line":22,"column":20}},"9":{"start":{"line":21,"column":4},"end":{"line":21,"column":33}},"10":{"start":{"line":21,"column":21},"end":{"line":21,"column":33}},"11":{"start":{"line":23,"column":2},"end":{"line":84,"column":4}},"12":{"start":{"line":33,"column":14},"end":{"line":78,"column":16}},"13":{"start":{"line":59,"column":22},"end":{"line":74,"column":28}}},"fnMap":{"0":{"name":"(anonymous_0)","decl":{"start":{"line":8,"column":15},"end":{"line":8,"column":16}},"loc":{"start":{"line":8,"column":21},"end":{"line":85,"column":1}},"line":8},"1":{"name":"(anonymous_1)","decl":{"start":{"line":11,"column":20},"end":{"line":11,"column":21}},"loc":{"start":{"line":11,"column":32},"end":{"line":18,"column":3}},"line":11},"2":{"name":"(anonymous_2)","decl":{"start":{"line":20,"column":12},"end":{"line":20,"column":13}},"loc":{"start":{"line":20,"column":18},"end":{"line":22,"column":3}},"line":20},"3":{"name":"(anonymous_3)","decl":{"start":{"line":32,"column":25},"end":{"line":32,"column":26}},"loc":{"start":{"line":32,"column":35},"end":{"line":79,"column":13}},"line":32},"4":{"name":"(anonymous_4)","decl":{"start":{"line":58,"column":38},"end":{"line":58,"column":39}},"loc":{"start":{"line":59,"column":22},"end":{"line":74,"column":28}},"line":59}},"branchMap":{"0":{"loc":{"start":{"line":21,"column":4},"end":{"line":21,"column":33}},"type":"if","locations":[{"start":{"line":21,"column":4},"end":{"line":21,"column":33}},{"start":{},"end":{}}],"line":21},"1":{"loc":{"start":{"line":52,"column":29},"end":{"line":52,"column":70}},"type":"cond-expr","locations":[{"start":{"line":52,"column":50},"end":{"line":52,"column":59}},{"start":{"line":52,"column":62},"end":{"line":52,"column":70}}],"line":52}},"s":{"0":1,"1":7,"2":7,"3":7,"4":4,"5":4,"6":3,"7":1,"8":7,"9":5,"10":4,"11":7,"12":2,"13":4},"f":{"0":7,"1":4,"2":5,"3":2,"4":4},"b":{"0":[4,1],"1":[1,1]},"_coverageSchema":"1a1c01bbd47fc00a2c39e90264f33305004495a9","hash":"6fc27e19fecd7eef328d9fd4fe529a9d869ebf8c"}
}
