TN:
SF:controllers\authController.js
FN:7,(anonymous_0)
FN:78,(anonymous_1)
FN:132,(anonymous_2)
FN:170,(anonymous_3)
FN:180,(anonymous_4)
FN:226,(anonymous_5)
FN:243,(anonymous_6)
FN:262,(anonymous_7)
FNF:8
FNH:7
FNDA:11,(anonymous_0)
FNDA:5,(anonymous_1)
FNDA:6,(anonymous_2)
FNDA:0,(anonymous_3)
FNDA:7,(anonymous_4)
FNDA:2,(anonymous_5)
FNDA:2,(anonymous_6)
FNDA:2,(anonymous_7)
DA:7,2
DA:8,11
DA:9,11
DA:11,11
DA:12,1
DA:14,10
DA:15,1
DA:18,9
DA:19,9
DA:20,2
DA:23,7
DA:24,1
DA:26,6
DA:27,1
DA:30,5
DA:31,5
DA:32,1
DA:35,4
DA:36,1
DA:38,3
DA:39,1
DA:42,2
DA:44,2
DA:45,1
DA:51,1
DA:53,1
DA:62,1
DA:68,0
DA:69,0
DA:78,2
DA:79,5
DA:80,5
DA:82,5
DA:83,1
DA:89,4
DA:90,3
DA:91,1
DA:96,2
DA:97,2
DA:98,1
DA:104,1
DA:107,1
DA:121,1
DA:122,1
DA:132,2
DA:133,6
DA:134,6
DA:135,6
DA:136,1
DA:138,6
DA:139,1
DA:141,6
DA:142,1
DA:145,6
DA:147,2
DA:148,1
DA:153,1
DA:154,1
DA:155,1
DA:160,4
DA:161,4
DA:170,2
DA:171,0
DA:172,0
DA:174,0
DA:175,0
DA:180,2
DA:181,7
DA:182,7
DA:183,7
DA:184,6
DA:185,1
DA:187,5
DA:188,5
DA:194,5
DA:195,1
DA:197,5
DA:198,2
DA:199,2
DA:200,1
DA:202,1
DA:205,4
DA:210,4
DA:216,1
DA:217,1
DA:226,2
DA:227,2
DA:228,2
DA:232,1
DA:234,1
DA:235,1
DA:243,2
DA:244,2
DA:245,2
DA:250,1
DA:252,1
DA:253,1
DA:262,2
DA:263,2
DA:264,2
DA:265,2
DA:266,2
DA:271,1
DA:273,1
DA:274,1
LF:105
LH:99
BRDA:11,0,0,1
BRDA:11,0,1,10
BRDA:14,1,0,1
BRDA:14,1,1,9
BRDA:19,2,0,2
BRDA:19,2,1,7
BRDA:23,3,0,1
BRDA:23,3,1,6
BRDA:26,4,0,1
BRDA:26,4,1,5
BRDA:31,5,0,1
BRDA:31,5,1,4
BRDA:35,6,0,1
BRDA:35,6,1,3
BRDA:38,7,0,1
BRDA:38,7,1,2
BRDA:44,8,0,1
BRDA:44,8,1,1
BRDA:82,9,0,1
BRDA:82,9,1,4
BRDA:82,10,0,5
BRDA:82,10,1,4
BRDA:90,11,0,1
BRDA:90,11,1,2
BRDA:97,12,0,1
BRDA:97,12,1,1
BRDA:135,13,0,1
BRDA:135,13,1,5
BRDA:138,14,0,1
BRDA:138,14,1,5
BRDA:141,15,0,1
BRDA:141,15,1,5
BRDA:147,16,0,1
BRDA:147,16,1,1
BRDA:184,17,0,1
BRDA:184,17,1,5
BRDA:184,18,0,6
BRDA:184,18,1,2
BRDA:187,19,0,1
BRDA:187,19,1,4
BRDA:189,20,0,5
BRDA:189,20,1,3
BRDA:190,21,0,5
BRDA:190,21,1,5
BRDA:191,22,0,5
BRDA:191,22,1,4
BRDA:194,23,0,1
BRDA:194,23,1,4
BRDA:197,24,0,2
BRDA:197,24,1,3
BRDA:197,25,0,5
BRDA:197,25,1,3
BRDA:199,26,0,1
BRDA:199,26,1,1
BRF:54
BRH:54
end_of_record
TN:
SF:controllers\categoryController.js
FN:3,(anonymous_0)
FN:36,(anonymous_1)
FN:61,(anonymous_2)
FN:80,(anonymous_3)
FN:99,(anonymous_4)
FNF:5
FNH:5
FNDA:3,(anonymous_0)
FNDA:1,(anonymous_1)
FNDA:1,(anonymous_2)
FNDA:1,(anonymous_3)
FNDA:1,(anonymous_4)
DA:3,1
DA:4,3
DA:5,3
DA:6,3
DA:7,1
DA:9,2
DA:10,2
DA:11,1
DA:16,1
DA:20,1
DA:26,0
DA:27,0
DA:36,1
DA:37,1
DA:38,1
DA:39,1
DA:40,1
DA:45,1
DA:51,0
DA:52,0
DA:61,1
DA:62,1
DA:63,1
DA:64,1
DA:70,0
DA:71,0
DA:80,1
DA:81,1
DA:82,1
DA:83,1
DA:89,0
DA:90,0
DA:99,1
DA:100,1
DA:101,1
DA:102,1
DA:103,1
DA:108,0
DA:109,0
LF:39
LH:29
BRDA:6,0,0,1
BRDA:6,0,1,2
BRDA:10,1,0,1
BRDA:10,1,1,1
BRF:4
BRH:4
end_of_record
TN:
SF:controllers\productController.js
FN:20,(anonymous_0)
FN:65,(anonymous_1)
FN:89,(anonymous_2)
FN:111,(anonymous_3)
FN:129,(anonymous_4)
FN:147,(anonymous_5)
FN:196,(anonymous_6)
FN:218,(anonymous_7)
FN:236,(anonymous_8)
FN:261,(anonymous_9)
FN:284,(anonymous_10)
FN:310,(anonymous_11)
FN:331,(anonymous_12)
FN:333,(anonymous_13)
FN:346,(anonymous_14)
FN:350,(anonymous_15)
FN:361,(anonymous_16)
FNF:17
FNH:17
FNDA:8,(anonymous_0)
FNDA:2,(anonymous_1)
FNDA:2,(anonymous_2)
FNDA:3,(anonymous_3)
FNDA:2,(anonymous_4)
FNDA:9,(anonymous_5)
FNDA:4,(anonymous_6)
FNDA:2,(anonymous_7)
FNDA:3,(anonymous_8)
FNDA:3,(anonymous_9)
FNDA:3,(anonymous_10)
FNDA:3,(anonymous_11)
FNDA:1,(anonymous_12)
FNDA:1,(anonymous_13)
FNDA:1,(anonymous_14)
FNDA:2,(anonymous_15)
FNDA:1,(anonymous_16)
DA:10,1
DA:13,1
DA:20,1
DA:21,8
DA:23,8
DA:24,8
DA:26,8
DA:28,1
DA:30,1
DA:32,1
DA:34,1
DA:36,1
DA:38,1
DA:43,2
DA:44,1
DA:45,1
DA:46,1
DA:48,1
DA:49,1
DA:55,1
DA:56,1
DA:65,1
DA:66,2
DA:67,2
DA:73,1
DA:80,1
DA:81,1
DA:89,1
DA:90,2
DA:91,2
DA:95,1
DA:101,1
DA:102,1
DA:111,1
DA:112,3
DA:113,3
DA:114,2
DA:115,1
DA:116,1
DA:119,1
DA:120,1
DA:129,1
DA:130,2
DA:131,2
DA:132,1
DA:137,1
DA:138,1
DA:147,1
DA:148,9
DA:150,9
DA:151,9
DA:153,9
DA:155,1
DA:157,1
DA:159,1
DA:161,1
DA:163,1
DA:165,1
DA:170,3
DA:175,2
DA:176,1
DA:177,1
DA:179,2
DA:180,2
DA:186,1
DA:187,1
DA:196,1
DA:197,4
DA:198,4
DA:199,4
DA:200,4
DA:201,4
DA:202,4
DA:203,3
DA:208,1
DA:209,1
DA:218,1
DA:219,2
DA:220,2
DA:221,1
DA:226,1
DA:227,1
DA:236,1
DA:237,3
DA:238,3
DA:239,3
DA:240,3
DA:246,2
DA:251,1
DA:252,1
DA:261,1
DA:262,3
DA:263,3
DA:264,3
DA:272,2
DA:274,1
DA:275,1
DA:284,1
DA:285,3
DA:286,3
DA:287,3
DA:295,2
DA:300,1
DA:301,1
DA:310,1
DA:311,3
DA:312,3
DA:313,2
DA:314,2
DA:320,1
DA:321,1
DA:331,1
DA:332,1
DA:333,1
DA:334,1
DA:335,0
DA:337,1
DA:341,0
DA:346,1
DA:347,1
DA:348,1
DA:349,1
DA:350,1
DA:351,2
DA:353,1
DA:362,1
DA:363,1
DA:368,1
DA:370,0
DA:375,0
LF:130
LH:126
BRDA:26,0,0,1
BRDA:26,0,1,1
BRDA:26,0,2,1
BRDA:26,0,3,1
BRDA:26,0,4,1
BRDA:26,0,5,1
BRDA:37,1,0,3
BRDA:37,1,1,3
BRDA:44,2,0,1
BRDA:44,2,1,0
BRDA:114,3,0,1
BRDA:114,3,1,1
BRDA:153,4,0,1
BRDA:153,4,1,1
BRDA:153,4,2,1
BRDA:153,4,3,1
BRDA:153,4,4,1
BRDA:153,4,5,1
BRDA:164,5,0,4
BRDA:164,5,1,2
BRDA:175,6,0,1
BRDA:175,6,1,1
BRDA:200,7,0,2
BRDA:200,7,1,2
BRDA:201,8,0,2
BRDA:201,8,1,2
BRDA:239,9,0,2
BRDA:239,9,1,1
BRDA:334,10,0,0
BRDA:334,10,1,1
BRDA:362,11,0,1
BRDA:362,11,1,0
BRF:32
BRH:29
end_of_record
TN:
SF:helpers\authHelper.js
FN:3,(anonymous_0)
FN:14,(anonymous_1)
FNF:2
FNH:2
FNDA:4,(anonymous_0)
FNDA:2,(anonymous_1)
DA:3,3
DA:4,4
DA:5,4
DA:6,4
DA:7,3
DA:10,1
DA:14,3
DA:15,2
LF:8
LH:8
BRF:0
BRH:0
end_of_record
TN:
SF:middlewares\authMiddleware.js
FN:5,(anonymous_0)
FN:19,(anonymous_1)
FNF:2
FNH:2
FNDA:2,(anonymous_0)
FNDA:3,(anonymous_1)
DA:5,1
DA:6,2
DA:7,2
DA:11,1
DA:12,1
DA:14,1
DA:19,1
DA:20,3
DA:21,3
DA:22,2
DA:23,1
DA:28,1
DA:31,1
DA:32,1
LF:14
LH:14
BRDA:22,0,0,1
BRDA:22,0,1,1
BRF:2
BRH:2
end_of_record
